DONE !
1 500
1 500
1 500
1 500
1 500
1 500
1 500
1 500
1 500
1 500
1 500
1 500
1 500
1 500
1 500
1 500
1 500
1 500
1 500
1 500
1 500
1 500
1 500
1 500
1 500
1 500
1 500
1 500
1 500
1 500
1 500
1 500
1 500
1 500
1 500
1 500
1 500
1 500
1 500
1 500
1 500
1 500
1 500
1 500
1 500
1 500
1 500
1 500
1 500
1 500
1 500
1 500
1 500
1 500
1 500
1 500
1 500
1 500
1 500
1 500
1 500
1 500
1 500
1 500
1 500
1 500
1 500
1 500
1 500
1 500
1 500
1 500
1 500
1 500
1 500
1 500
1 500
1 500
1 500
1 500
1 500
1 500
1 500
1 500
1 500
1 500
1 500
1 500
1 500
1 500
1 500
1 500
1 500
1 500
1 500
1 500
1 500
1 500
1 500
1 500
1 500
1 500
1 500
1 500
1 500
1 500
1 500
1 500
1 500
1 500
1 500
1 500
1 500
1 500
1 500
1 500
1 500
1 500
1 500
1 500
1 500
1 500
1 500
1 500
1 500
1 500
1 500
1 500
1 500
1 500
1 500
1 500
1 500
1 500
1 500
1 500
1 500
1 500
1 500
1 500
1 500
1 500
1 500
1 500
1 500
1 500
1 500
1 500
1 500
1 500
1 500
1 500
1 500
1 500
1 500
1 500
1 500
1 500
1 500
1 500
1 500
1 500
1 500
1 500
1 500
1 500
1 500
3 500
332 0.002
3 500
331 0.002
3 500
330 0.002
3 500
329 0.002
3 500
328 0.002
3 500
327 0.002
3 500
326 0.002
3 500
325 0.002
3 500
324 0.0069784513424916315
3 500
323 0.00755408103091046
3 500
322 0.008038713803614475
3 500
321 0.00848426039978453
3 500
320 0.00890436986387566
3 500
319 0.009310403669528533
3 500
318 0.009708372344942349
3 500
317 0.010102242140599727
3 500
316 0.010495546258365164
5 500
315 0.010892270482086571
5 500
314 0.011291646711529709
5 500
313 0.011696871969286189
5 500
312 0.012109685306901319
5 500
311 0.012532434226014131
5 500
310 0.012964333428287454
5 500
309 0.013411467564612582
5 500
308 0.013870402049102995
5 500
307 0.014345796384453793
5 500
306 0.014838290776203585
7 500
305 0.015349860827447104
7 500
304 0.01588246152074616
7 500
303 0.016438640538307337
7 500
302 0.017021022064826925
7 500
301 0.01762901800686339
7 500
300 0.018268095942587735
7 500
299 0.018938934670630625
9 500
298 0.01964738376219901
9 500
297 0.02039240788093478
9 500
296 0.021183518187911726
9 500
295 0.022015424577841454
9 500
294 0.02290119213235305
11 500
293 0.02384078883869489
11 500
292 0.024838334496000217
11 500
291 0.025898602529381694
11 500
290 0.027030541638628346
13 500
289 0.02823922111895771
13 500
288 0.029528802062829262
13 500
287 0.03090800166910648
15 500
286 0.0323844298192202
15 500
285 0.0339692839962449
17 500
284 0.03567122149241055
17 500
283 0.03750368827487827
19 500
282 0.03947679655397927
19 500
281 0.04160457481103615
21 500
280 0.04390362652142697
21 500
279 0.04639167312121934
23 500
278 0.049089494634085885
25 500
277 0.0520202874741039
27 500
276 0.055206937944744926
27 500
275 0.058677437197243415
29 500
274 0.06246951573628005
31 500
273 0.06661274716027066
35 500
272 0.07115136804858434
37 500
271 0.07613384863539147
39 500
270 0.08161255085956427
43 500
269 0.08765164176301357
45 500
268 0.09431241896934929
49 500
267 0.10168384411007712
53 500
266 0.10984681068044833
59 500
265 0.11890764469576912
63 500
264 0.1289850413555658
69 500
263 0.140209768888117
75 500
262 0.15273080087002486
83 500
261 0.1667242746915772
91 500
260 0.1823819820803179
99 500
259 0.19992558145903142
109 500
258 0.21960977095344378
121 500
257 0.2417178798441517
133 500
256 0.26657835340642716
147 500
255 0.2945631891380665
163 500
254 0.3261050605742013
181 500
253 0.3617126438142462
201 500
252 0.40200230136924436
223 500
251 0.44774687968658133
249 500
250 0.4999999999999825
281 500
249 0.5603361959162316
315 500
248 0.6315651682320105
361 500
247 0.7205562543667812
500 500
500 500
500 500
500 500
500 500
500 500
500 500
500 500
500 500
500 500
500 500
500 500
500 500
500 500
500 500
500 500
500 500
500 500
500 500
500 500
500 500
500 500
500 500
500 500
500 500
500 500
500 500
500 500
500 500
500 500
500 500
500 500
500 500
500 500
500 500
500 500
500 500
500 500
500 500
500 500
500 500
500 500
500 500
500 500
500 500
500 500
500 500
500 500
500 500
500 500
500 500
500 500
500 500
500 500
500 500
500 500
500 500
500 500
500 500
500 500
500 500
500 500
500 500
500 500
500 500
500 500
500 500
500 500
500 500
500 500
500 500
500 500
500 500
500 500
500 500
500 500
500 500
500 500
500 500
500 500
500 500
500 500
500 500
500 500
500 500
500 500
500 500
500 500
500 500
500 500
500 500
500 500
500 500
500 500
500 500
500 500
500 500
500 500
500 500
500 500
500 500
500 500
500 500
500 500
500 500
500 500
500 500
500 500
500 500
500 500
500 500
500 500
500 500
500 500
500 500
500 500
500 500
500 500
500 500
500 500
500 500
500 500
500 500
500 500
500 500
500 500
500 500
500 500
500 500
500 500
500 500
500 500
500 500
500 500
500 500
500 500
500 500
500 500
500 500
500 500
500 500
500 500
500 500
500 500
500 500
500 500
500 500
500 500
500 500
500 500
500 500
500 500
500 500
500 500
500 500
500 500
500 500
500 500
500 500
500 500
500 500
500 500
500 500
500 500
500 500
500 500
500 500
500 500
500 500
500 500
500 500
500 500
500 500
500 500
500 500
500 500
500 500
500 500
500 500
500 500
500 500
500 500
500 500
500 500
500 500
500 500
500 500
500 500
500 500
500 500
500 500
500 500
500 500
500 500
500 500
500 500
500 500
500 500
500 500
500 500
500 500
500 500
500 500
500 500
500 500
500 500
500 500
500 500
500 500
500 500
500 500
500 500
500 500
500 500
500 500
500 500
500 500
500 500
500 500
500 500
500 500
500 500
500 500
500 500
500 500
500 500
500 500
500 500
500 500
500 500
500 500
500 500
500 500
500 500
500 500
500 500
500 500
500 500
500 500
500 500
500 500
500 500
500 500
500 500
500 500
500 500
DONE !
1 500
1 500
1 500
1 500
1 500
1 500
1 500
1 500
1 500
1 500
1 500
1 500
1 500
1 500
1 500
1 500
1 500
1 500
1 500
1 500
1 500
1 500
1 500
1 500
1 500
1 500
1 500
1 500
1 500
1 500
1 500
1 500
1 500
1 500
1 500
1 500
1 500
1 500
1 500
1 500
1 500
1 500
1 500
1 500
1 500
1 500
1 500
1 500
1 500
1 500
1 500
1 500
1 500
1 500
1 500
1 500
1 500
1 500
1 500
1 500
1 500
1 500
1 500
1 500
1 500
1 500
1 500
1 500
1 500
1 500
1 500
1 500
1 500
1 500
1 500
1 500
1 500
1 500
1 500
1 500
1 500
1 500
1 500
1 500
1 500
1 500
1 500
1 500
1 500
1 500
1 500
1 500
1 500
1 500
1 500
1 500
1 500
1 500
1 500
1 500
1 500
1 500
1 500
1 500
1 500
1 500
1 500
1 500
1 500
1 500
1 500
1 500
1 500
1 500
1 500
1 500
1 500
1 500
1 500
1 500
1 500
1 500
1 500
1 500
1 500
1 500
1 500
1 500
1 500
1 500
1 500
1 500
1 500
1 500
1 500
1 500
1 500
1 500
1 500
1 500
1 500
1 500
1 500
1 500
1 500
1 500
1 500
1 500
1 500
1 500
1 500
1 500
1 500
1 500
1 500
1 500
1 500
1 500
1 500
1 500
1 500
1 500
1 500
1 500
1 500
1 500
1 500
3 500
332 0.001
3 500
331 0.001
3 500
330 0.001
3 500
329 0.001
3 500
328 0.001
3 500
327 0.001
3 500
326 0.001
3 500
325 0.001
3 500
324 0.0069784513424916315
3 500
323 0.00755408103091046
3 500
322 0.008038713803614475
3 500
321 0.00848426039978453
3 500
320 0.00890436986387566
3 500
319 0.009310403669528533
3 500
318 0.009708372344942349
3 500
317 0.010102242140599727
3 500
316 0.010495546258365164
5 500
315 0.010892270482086571
5 500
314 0.011291646711529709
5 500
313 0.011696871969286189
5 500
312 0.012109685306901319
5 500
311 0.012532434226014131
5 500
310 0.012964333428287454
5 500
309 0.013411467564612582
5 500
308 0.013870402049102995
5 500
307 0.014345796384453793
5 500
306 0.014838290776203585
7 500
305 0.015349860827447104
7 500
304 0.01588246152074616
7 500
303 0.016438640538307337
7 500
302 0.017021022064826925
7 500
301 0.01762901800686339
7 500
300 0.018268095942587735
7 500
299 0.018938934670630625
9 500
298 0.01964738376219901
9 500
297 0.02039240788093478
9 500
296 0.021183518187911726
9 500
295 0.022015424577841454
9 500
294 0.02290119213235305
11 500
293 0.02384078883869489
11 500
292 0.024838334496000217
11 500
291 0.025898602529381694
11 500
290 0.027030541638628346
13 500
289 0.02823922111895771
13 500
288 0.029528802062829262
13 500
287 0.03090800166910648
15 500
286 0.0323844298192202
15 500
285 0.0339692839962449
17 500
284 0.03567122149241055
17 500
283 0.03750368827487827
19 500
282 0.03947679655397927
19 500
281 0.04160457481103615
21 500
280 0.04390362652142697
21 500
279 0.04639167312121934
23 500
278 0.049089494634085885
25 500
277 0.0520202874741039
27 500
276 0.055206937944744926
27 500
275 0.058677437197243415
29 500
274 0.06246951573628005
31 500
273 0.06661274716027066
35 500
272 0.07115136804858434
37 500
271 0.07613384863539147
39 500
270 0.08161255085956427
43 500
269 0.08765164176301357
45 500
268 0.09431241896934929
49 500
267 0.10168384411007712
53 500
266 0.10984681068044833
59 500
265 0.11890764469576912
63 500
264 0.1289850413555658
69 500
263 0.140209768888117
75 500
262 0.15273080087002486
83 500
261 0.1667242746915772
91 500
260 0.1823819820803179
99 500
259 0.19992558145903142
109 500
258 0.21960977095344378
121 500
257 0.2417178798441517
133 500
256 0.26657835340642716
147 500
255 0.2945631891380665
163 500
254 0.3261050605742013
181 500
253 0.3617126438142462
201 500
252 0.40200230136924436
223 500
251 0.44774687968658133
249 500
250 0.4999999999999825
281 500
249 0.5603361959162316
315 500
248 0.6315651682320105
361 500
247 0.7205562543667812
500 500
500 500
500 500
500 500
500 500
500 500
500 500
500 500
500 500
500 500
500 500
500 500
500 500
500 500
500 500
500 500
500 500
500 500
500 500
500 500
500 500
500 500
500 500
500 500
500 500
500 500
500 500
500 500
500 500
500 500
500 500
500 500
500 500
500 500
500 500
500 500
500 500
500 500
500 500
500 500
500 500
500 500
500 500
500 500
500 500
500 500
500 500
500 500
500 500
500 500
500 500
500 500
500 500
500 500
500 500
500 500
500 500
500 500
500 500
500 500
500 500
500 500
500 500
500 500
500 500
500 500
500 500
500 500
500 500
500 500
500 500
500 500
500 500
500 500
500 500
500 500
500 500
500 500
500 500
500 500
500 500
500 500
500 500
500 500
500 500
500 500
500 500
500 500
500 500
500 500
500 500
500 500
500 500
500 500
500 500
500 500
500 500
500 500
500 500
500 500
500 500
500 500
500 500
500 500
500 500
500 500
500 500
500 500
500 500
500 500
500 500
500 500
500 500
500 500
500 500
500 500
500 500
500 500
500 500
500 500
500 500
500 500
500 500
500 500
500 500
500 500
500 500
500 500
500 500
500 500
500 500
500 500
500 500
500 500
500 500
500 500
500 500
500 500
500 500
500 500
500 500
500 500
500 500
500 500
500 500
500 500
500 500
500 500
500 500
500 500
500 500
500 500
500 500
500 500
500 500
500 500
500 500
500 500
500 500
500 500
500 500
500 500
500 500
500 500
500 500
500 500
500 500
500 500
500 500
500 500
500 500
500 500
500 500
500 500
500 500
500 500
500 500
500 500
500 500
500 500
500 500
500 500
500 500
500 500
500 500
500 500
500 500
500 500
500 500
500 500
500 500
500 500
500 500
500 500
500 500
500 500
500 500
500 500
500 500
500 500
500 500
500 500
500 500
500 500
500 500
500 500
500 500
500 500
500 500
500 500
500 500
500 500
500 500
500 500
500 500
500 500
500 500
500 500
500 500
500 500
500 500
500 500
500 500
500 500
500 500
500 500
500 500
500 500
500 500
500 500
500 500
500 500
500 500
500 500
500 500
500 500
500 500
500 500
500 500
500 500
500 500
500 500
500 500
500 500
500 500
500 500
{1: (0.9988355595156885, 1), 2: (0.9976641230636316, 1), 3: (0.9964856790135663, 1), 4: (0.9953002157712659, 1), 5: (0.9941077217786637, 1), 6: (0.9929081855139757, 1), 7: (0.9917015954918244, 1), 8: (0.9904879402633593, 1), 9: (0.9892672084163804, 1), 10: (0.9880393885754593, 1), 11: (0.9868044694020597, 1), 12: (0.9855624395946594, 1), 13: (0.98431328788887, 1), 14: (0.9830570030575568, 1), 15: (0.9817935739109592, 1), 16: (0.9805229892968095, 1), 17: (0.979245238100452, 1), 18: (0.9779603092449615, 1), 19: (0.9766681916912614, 1), 20: (0.9753688744382417, 1), 21: (0.9740623465228763, 1), 22: (0.9727485970203397, 1), 23: (0.9714276150441244, 1), 24: (0.970099389746156, 1), 25: (0.96876391031691, 1), 26: (0.967421165985527, 1), 27: (0.9660711460199269, 1), 28: (0.9647138397269259, 1), 29: (0.9633492364523474, 1), 30: (0.9619773255811385, 1), 31: (0.960598096537482, 1), 32: (0.9592115387849103, 1), 33: (0.9578176418264186, 1), 34: (0.9564163952045736, 1), 35: (0.9550077885016317, 1), 36: (0.9535918113396442, 1), 37: (0.95216845338057, 1), 38: (0.9507377043263905, 1), 39: (0.9492995539192131, 1), 40: (0.9478539919413839, 1), 41: (0.9464010082156006, 1), 42: (0.9449405926050161, 1), 43: (0.9434727350133488, 1), 44: (0.9419974253849921, 1), 45: (0.940514653705119, 1), 46: (0.9390244099997942, 1), 47: (0.9375266843360758, 1), 48: (0.9360214668221246, 1), 49: (0.9345087476073107, 1), 50: (0.9329885168823165, 1), 51: (0.9314607648792437, 1), 52: (0.9299254818717158, 1), 53: (0.9283826581749872, 1), 54: (0.9268322841460417, 1), 55: (0.925274350183698, 1), 56: (0.9237088467287171, 1), 57: (0.922135764263891, 1), 58: (0.9205550933141622, 1), 59: (0.9189668244467168, 1), 60: (0.9173709482710861, 1), 61: (0.9157674554392423, 1), 62: (0.9141563366457108, 1), 63: (0.9125375826276633, 1), 64: (0.9109111841650077, 1), 65: (0.9092771320805118, 1), 66: (0.9076354172398721, 1), 67: (0.9059860305518377, 1), 68: (0.9043289629682957, 1), 69: (0.9026642054843594, 1), 70: (0.9009917491384879, 1), 71: (0.8993115850125586, 1), 72: (0.8976237042319841, 1), 73: (0.8959280979657893, 1), 74: (0.8942247574267244, 1), 75: (0.8925136738713383, 1), 76: (0.89079483860009, 1), 77: (0.8890682429574348, 1), 78: (0.8873338783319188, 1), 79: (0.885591736156269, 1), 80: (0.8838418079074958, 1), 81: (0.8820840851069647, 1), 82: (0.8803185593205104, 1), 83: (0.8785452221585053, 1), 84: (0.8767640652759704, 1), 85: (0.8749750803726501, 1), 86: (0.8731782591931102, 1), 87: (0.8713735935268219, 1), 88: (0.8695610752082592, 1), 89: (0.8677406961169694, 1), 90: (0.8659124481776708, 1), 91: (0.8640763233603452, 1), 92: (0.8622323136803195, 1), 93: (0.8603804111983432, 1), 94: (0.8585206080206966, 1), 95: (0.8566528962992385, 1), 96: (0.8547772682315323, 1), 97: (0.8528937160608985, 1), 98: (0.8510022320765315, 1), 99: (0.8491028086135274, 1), 100: (0.8471954380530314, 1), 101: (0.8452801128222794, 1), 102: (0.8433568253946793, 1), 103: (0.8414255682899163, 1), 104: (0.8394863340740177, 1), 105: (0.8375391153594469, 1), 106: (0.8355839048051292, 1), 107: (0.8336206951166262, 1), 108: (0.8316494790461294, 1), 109: (0.8296702493925732, 1), 110: (0.8276829990017238, 1), 111: (0.8256877207662315, 1), 112: (0.8236844076257165, 1), 113: (0.821673052566846, 1), 114: (0.8196536486234315, 1), 115: (0.8176261888764528, 1), 116: (0.8155906664541864, 1), 117: (0.8135470745322372, 1), 118: (0.8114954063336578, 1), 119: (0.8094356551289771, 1), 120: (0.8073678142362763, 1), 121: (0.8052918770213037, 1), 122: (0.8032078368975097, 1), 123: (0.801115687326125, 1), 124: (0.7990154218162313, 1), 125: (0.7969070339248363, 1), 126: (0.7947905172569363, 1), 127: (0.7926658654655826, 1), 128: (0.790533072251981, 1), 129: (0.7883921313655085, 1), 130: (0.7862430366038176, 1), 131: (0.7840857818129012, 1), 132: (0.7819203608871437, 1), 133: (0.7797467677694029, 1), 134: (0.7775649964510387, 1), 135: (0.7753750409720338, 1), 136: (0.7731768954210352, 1), 137: (0.7709705539354004, 1), 138: (0.7687560107012663, 1), 139: (0.7665332599536472, 1), 140: (0.764302295976445, 1), 141: (0.7620631131025427, 1), 142: (0.7598157057138488, 1), 143: (0.757560068241415, 1), 144: (0.7552961951653792, 1), 145: (0.753024081015143, 1), 146: (0.750743720369377, 1), 147: (0.7484551078560819, 1), 148: (0.7461582381526097, 1), 149: (0.7438531059858666, 1), 150: (0.741539706132163, 1), 151: (0.7392180334174157, 1), 152: (0.7368880827171376, 1), 153: (0.7345498489565606, 1), 154: (0.7322033271106306, 1), 155: (0.7298485122040499, 1), 156: (0.7274853993113399, 1), 157: (0.7251139835569882, 1), 158: (0.7227342601154018, 1), 159: (0.7203462242109371, 1), 160: (0.7179498711180629, 1), 161: (0.7155451961612777, 1), 162: (0.7131321947153275, 1), 163: (0.7107108622050431, 1), 164: (0.7082811941055722, 1), 165: (0.7058431859423631, 1), 166: (0.7033968332911813, 1), 167: (0.7009421317782007, 1), 168: (10790, 1), 169: (10790, 1), 170: (10790, 1), 171: (10790, 1), 172: (10790, 1), 173: (10790, 1), 174: (10790, 1), 175: (10790, 1), 176: (10790, 1), 177: (10790, 1), 178: (10790, 1), 179: (10790, 1), 180: (10790, 1), 181: (10790, 1), 182: (10790, 1), 183: (10790, 1), 184: (10790, 1), 185: (10790, 1), 186: (10790, 1), 187: (10790, 1), 188: (10790, 1), 189: (10790, 1), 190: (10790, 1), 191: (10790, 1), 192: (10790, 1), 193: (10790, 1), 194: (10790, 1), 195: (10790, 1), 196: (10790, 1), 197: (10790, 1), 198: (10790, 1), 199: (10790, 1), 200: (10790, 1), 201: (10790, 1), 202: (10790, 1), 203: (10790, 1), 204: (10790, 1), 205: (10790, 1), 206: (10790, 1), 207: (10790, 1), 208: (10790, 1), 209: (10790, 1), 210: (10790, 1), 211: (10790, 1), 212: (10790, 1), 213: (10790, 1), 214: (10790, 1), 215: (10790, 1), 216: (10790, 1), 217: (10790, 1), 218: (10790, 1), 219: (10790, 1), 220: (10790, 1), 221: (10790, 1), 222: (10790, 1), 223: (10790, 1), 224: (10790, 1), 225: (10790, 1), 226: (10790, 1), 227: (10790, 1), 228: (10790, 1), 229: (10790, 1), 230: (10790, 1), 231: (10790, 1), 232: (10790, 1), 233: (10790, 1), 234: (10790, 1), 235: (10790, 1), 236: (10790, 1), 237: (10790, 1), 238: (10790, 1), 239: (10790, 1), 240: (10790, 1), 241: (10790, 1), 242: (10790, 1), 243: (10790, 1), 244: (10790, 1), 245: (10790, 1), 246: (10790, 1), 247: (10789, 0.7205562543667812), 248: (10789, 0.6315651682320105), 249: (10789, 0.5603361959162316), 250: (10789, 0.4999999999999825), 251: (10789, 0.44774687968658133), 252: (10789, 0.40200230136924436), 253: (10789, 0.3617126438142462), 254: (10789, 0.3261050605742013), 255: (10789, 0.2945631891380665), 256: (10789, 0.26657835340642716), 257: (10789, 0.2417178798441517), 258: (10789, 0.21960977095344378), 259: (10789, 0.19992558145903142), 260: (10789, 0.1823819820803179), 261: (10789, 0.1667242746915772), 262: (10789, 0.15273080087002486), 263: (10789, 0.140209768888117), 264: (10789, 0.1289850413555658), 265: (10789, 0.11890764469576912), 266: (10789, 0.10984681068044833), 267: (10789, 0.10168384411007712), 268: (10789, 0.09431241896934929), 269: (10789, 0.08765164176301357), 270: (10789, 0.08161255085956427), 271: (10789, 0.07613384863539147), 272: (10789, 0.07115136804858434), 273: (10789, 0.06661274716027066), 274: (10789, 0.06246951573628005), 275: (10789, 0.058677437197243415), 276: (10789, 0.055206937944744926), 277: (10789, 0.0520202874741039), 278: (10789, 0.049089494634085885), 279: (10789, 0.04639167312121934), 280: (10789, 0.04390362652142697), 281: (10789, 0.04160457481103615), 282: (10789, 0.03947679655397927), 283: (10789, 0.03750368827487827), 284: (10789, 0.03567122149241055), 285: (10789, 0.0339692839962449), 286: (10789, 0.0323844298192202), 287: (10789, 0.03090800166910648), 288: (10789, 0.029528802062829262), 289: (10789, 0.02823922111895771), 290: (10789, 0.027030541638628346), 291: (10789, 0.025898602529381694), 292: (10789, 0.024838334496000217), 293: (10789, 0.02384078883869489), 294: (10789, 0.02290119213235305), 295: (10789, 0.022015424577841454), 296: (10789, 0.021183518187911726), 297: (10789, 0.02039240788093478), 298: (10789, 0.01964738376219901), 299: (10789, 0.018938934670630625), 300: (10789, 0.018268095942587735), 301: (10789, 0.01762901800686339), 302: (10789, 0.017021022064826925), 303: (10789, 0.016438640538307337), 304: (10789, 0.01588246152074616), 305: (10789, 0.015349860827447104), 306: (10789, 0.014838290776203585), 307: (10789, 0.014345796384453793), 308: (10789, 0.013870402049102995), 309: (10789, 0.013411467564612582), 310: (10789, 0.012964333428287454), 311: (10789, 0.012532434226014131), 312: (10789, 0.012109685306901319), 313: (10789, 0.011696871969286189), 314: (10789, 0.011291646711529709), 315: (10789, 0.010892270482086571), 316: (10789, 0.010495546258365164), 317: (10789, 0.010102242140599727), 318: (10789, 0.009708372344942349), 319: (10789, 0.009310403669528533), 320: (10789, 0.00890436986387566), 321: (10789, 0.00848426039978453), 322: (10789, 0.008038713803614475), 323: (10789, 0.00755408103091046), 324: (10789, 0.0069784513424916315), 325: (10789, 0.002), 326: (10789, 0.002), 327: (10789, 0.002), 328: (10789, 0.002), 329: (10789, 0.002), 330: (10789, 0.002), 331: (10789, 0.002), 332: (10789, 0.002), 333: (-0.29905786822179925, 0.002), 334: (-0.2966031667088187, 0.002), 335: (-0.29415681405763694, 0.002), 336: (-0.2917188058944277, 0.002), 337: (-0.2892891377949569, 0.002), 338: (-0.2868678052846725, 0.002), 339: (-0.28445480383872235, 0.002), 340: (-0.28205012888193715, 0.002), 341: (-0.279653775789063, 0.002), 342: (-0.27726573988459824, 0.002), 343: (-0.2748860164430118, 0.002), 344: (-0.27251460068866007, 0.002), 345: (-0.2701514877959501, 0.002), 346: (-0.26779667288936937, 0.002), 347: (-0.2654501510434394, 0.002), 348: (-0.26311191728286243, 0.002), 349: (-0.2607819665825843, 0.002), 350: (-0.258460293867837, 0.002), 351: (-0.2561468940141333, 0.002), 352: (-0.2538417618473903, 0.002), 353: (-0.251544892143918, 0.002), 354: (-0.24925627963062305, 0.002), 355: (-0.24697591898485702, 0.002), 356: (-0.24470380483462081, 0.002), 357: (-0.24243993175858497, 0.002), 358: (-0.24018429428615115, 0.002), 359: (-0.2379368868974573, 0.002), 360: (-0.2356977040235551, 0.002), 361: (-0.2334667400463528, 0.002), 362: (-0.23124398929873374, 0.002), 363: (-0.22902944606459963, 0.002), 364: (-0.2268231045789648, 0.002), 365: (-0.2246249590279662, 0.002), 366: (-0.22243500354896134, 0.002), 367: (-0.2202532322305971, 0.002), 368: (-0.21807963911285633, 0.002), 369: (-0.21591421818709883, 0.002), 370: (-0.2137569633961825, 0.002), 371: (-0.21160786863449152, 0.002), 372: (-0.20946692774801906, 0.002), 373: (-0.2073341345344174, 0.002), 374: (-0.20520948274306378, 0.002), 375: (-0.20309296607516364, 0.002), 376: (-0.2009845781837687, 0.002), 377: (-0.19888431267387494, 0.002), 378: (-0.1967921631024902, 0.002), 379: (-0.19470812297869633, 0.002), 380: (-0.19263218576372365, 0.002), 381: (-0.19056434487102294, 0.002), 382: (-0.18850459366634223, 0.002), 383: (-0.18645292546776285, 0.002), 384: (-0.1844093335458136, 0.002), 385: (-0.18237381112354725, 0.002), 386: (-0.18034635137656854, 0.002), 387: (-0.17832694743315405, 0.002), 388: (-0.17631559237428354, 0.002), 389: (-0.1743122792337685, 0.002), 390: (-0.1723170009982762, 0.002), 391: (-0.17032975060742686, 0.002), 392: (-0.16835052095387062, 0.002), 393: (-0.16637930488337385, 0.002), 394: (-0.16441609519487074, 0.002), 395: (-0.16246088464055308, 0.002), 396: (-0.16051366592598224, 0.002), 397: (-0.15857443171008367, 0.002), 398: (-0.15664317460532073, 0.002), 399: (-0.1547198871777206, 0.002), 400: (-0.15280456194696856, 0.002), 401: (-0.1508971913864726, 0.002), 402: (-0.14899776792346855, 0.002), 403: (-0.14710628393910155, 0.002), 404: (-0.14522273176846764, 0.002), 405: (-0.1433471037007615, 0.002), 406: (-0.14147939197930334, 0.002), 407: (-0.13961958880165679, 0.002), 408: (-0.1377676863196805, 0.002), 409: (-0.1359236766396548, 0.002), 410: (-0.13408755182232926, 0.002), 411: (-0.1322593038830307, 0.002), 412: (-0.13043892479174085, 0.002), 413: (-0.12862640647317808, 0.002), 414: (-0.12682174080688977, 0.002), 415: (-0.12502491962734982, 0.002), 416: (-0.12323593472402963, 0.002), 417: (-0.12145477784149476, 0.002), 418: (-0.1196814406794896, 0.002), 419: (-0.11791591489303536, 0.002), 420: (-0.1161581920925042, 0.002), 421: (-0.11440826384373103, 0.002), 422: (-0.1126661216680812, 0.002), 423: (-0.11093175704256522, 0.002), 424: (-0.10920516139990998, 0.002), 425: (-0.10748632612866174, 0.002), 426: (-0.1057752425732757, 0.002), 427: (-0.10407190203421064, 0.002), 428: (-0.10237629576801588, 0.002), 429: (-0.10068841498744147, 0.002), 430: (-0.09900825086151212, 0.002), 431: (-0.09733579451564056, 0.002), 432: (-0.09567103703170428, 0.002), 433: (-0.09401396944816226, 0.002), 434: (-0.09236458276012792, 0.002), 435: (-0.09072286791948829, 0.002), 436: (-0.08908881583499223, 0.002), 437: (-0.08746241737233675, 0.002), 438: (-0.08584366335428915, 0.002), 439: (-0.08423254456075772, 0.002), 440: (-0.0826290517289139, 0.002), 441: (-0.0810331755532832, 0.002), 442: (-0.0794449066858378, 0.002), 443: (-0.07786423573610905, 0.002), 444: (-0.07629115327128291, 0.002), 445: (-0.07472564981630202, 0.002), 446: (-0.07316771585395836, 0.002), 447: (-0.07161734182501274, 0.002), 448: (-0.07007451812828423, 0.002), 449: (-0.06853923512075628, 0.002), 450: (-0.06701148311768343, 0.002), 451: (-0.06549125239268923, 0.002), 452: (-0.0639785331778754, 0.002), 453: (-0.06247331566392425, 0.002), 454: (-0.06097559000020583, 0.002), 455: (-0.05948534629488098, 0.002), 456: (-0.05800257461500789, 0.002), 457: (-0.056527264986651185, 0.002), 458: (-0.055059407394983925, 0.002), 459: (-0.05359899178439944, 0.002), 460: (-0.05214600805861618, 0.002), 461: (-0.050700446080787, 0.002), 462: (-0.04926229567360952, 0.002), 463: (-0.047831546619430045, 0.002), 464: (-0.04640818866035575, 0.002), 465: (-0.04499221149836825, 0.002), 466: (-0.04358360479542644, 0.002), 467: (-0.042182358173581444, 0.002), 468: (-0.040788461215089764, 0.002), 469: (-0.03940190346251803, 0.002), 470: (-0.03802267441886155, 0.002), 471: (-0.03665076354765258, 0.002), 472: (-0.03528616027307403, 0.002), 473: (-0.033928853980073066, 0.002), 474: (-0.03257883401447302, 0.002), 475: (-0.031236089683090038, 0.002), 476: (-0.02990061025384403, 0.002), 477: (-0.028572384955875565, 0.002), 478: (-0.02725140297966034, 0.002), 479: (-0.02593765347712369, 0.002), 480: (-0.024631125561758286, 0.002), 481: (-0.023331808308738655, 0.002), 482: (-0.022039690755038487, 0.002), 483: (-0.02075476189954796, 0.002), 484: (-0.01947701070319052, 0.002), 485: (-0.01820642608904082, 0.002), 486: (-0.016942996942443198, 0.002), 487: (-0.01568671211113009, 0.002), 488: (-0.014437560405340602, 0.002), 489: (-0.013195530597940314, 0.002), 490: (-0.011960611424540786, 0.002), 491: (-0.010732791583619592, 0.002), 492: (-0.009512059736640766, 0.002), 493: (-0.008298404508175662, 0.002), 494: (-0.007091814486024208, 0.002), 495: (-0.00589227822133636, 0.002), 496: (-0.004699784228734075, 0.002), 497: (-0.0035143209864336527, 0.002), 498: (-0.0023358769363683754, 0.002), 499: (-0.001164440484311572, 0.002), 500: (0, 0)}{1: (0.9984579434385746, 1), 2: (0.9969120301944633, 1), 3: (0.9953622585394242, 1), 4: (0.9938086267517584, 1), 5: (0.9922511331163149, 1), 6: (0.9906897759244949, 1), 7: (0.9891245534742575, 1), 8: (0.9875554640701243, 1), 9: (0.9859825060231836, 1), 10: (0.9844056776510962, 1), 11: (0.9828249772780997, 1), 12: (0.981240403235013, 1), 13: (0.979651953859242, 1), 14: (0.9780596274947831, 1), 15: (0.9764634224922292, 1), 16: (0.9748633372087732, 1), 17: (0.9732593700082136, 1), 18: (0.971651519260959, 1), 19: (0.9700397833440325, 1), 20: (0.9684241606410763, 1), 21: (0.9668046495423567, 1), 22: (0.965181248444768, 1), 23: (0.9635539557518386, 1), 24: (0.9619227698737332, 1), 25: (0.9602876892272595, 1), 26: (0.9586487122358716, 1), 27: (0.9570058373296748, 1), 28: (0.9553590629454304, 1), 29: (0.9537083875265592, 1), 30: (0.9520538095231474, 1), 31: (0.9503953273919489, 1), 32: (0.9487329395963923, 1), 33: (0.9470666446065843, 1), 34: (0.9453964408993112, 1), 35: (0.9437223269580498, 1), 36: (0.9420443012729647, 1), 37: (0.9403623623409163, 1), 38: (0.938676508665466, 1), 39: (0.9369867387568767, 1), 40: (0.9352930511321199, 1), 41: (0.9335954443148813, 1), 42: (0.9318939168355614, 1), 43: (0.930188467231281, 1), 44: (0.928479094045888, 1), 45: (0.9267657958299551, 1), 46: (0.9250485711407929, 1), 47: (0.9233274185424464, 1), 48: (0.9216023366057029, 1), 49: (0.9198733239080953, 1), 50: (0.9181403790339059, 1), 51: (0.916403500574171, 1), 52: (0.9146626871266822, 1), 53: (0.9129179372959959, 1), 54: (0.9111692496934327, 1), 55: (0.9094166229370827, 1), 56: (0.9076600556518133, 1), 57: (0.9058995464692595, 1), 58: (0.9041350940278463, 1), 59: (0.9023666969727844, 1), 60: (0.9005943539560706, 1), 61: (0.8988180636364921, 1), 62: (0.8970378246796383, 1), 63: (0.8952536357579001, 1), 64: (0.8934654955504615, 1), 65: (0.8916734027433306, 1), 66: (0.8898773560293142, 1), 67: (0.888077354108045, 1), 68: (0.8862733956859722, 1), 69: (0.88446547947636, 1), 70: (0.882653604199313, 1), 71: (0.8808377685817537, 1), 72: (0.879017971357447, 1), 73: (0.8771942112669924, 1), 74: (0.875366487057836, 1), 75: (0.8735347974842593, 1), 76: (0.8716991413073996, 1), 77: (0.8698595172952421, 1), 78: (0.8680159242226309, 1), 79: (0.8661683608712651, 1), 80: (0.8643168260297154, 1), 81: (0.862461318493407, 1), 82: (0.8606018370646438, 1), 83: (0.8587383805525942, 1), 84: (0.8568709477733099, 1), 85: (0.8549995375497182, 1), 86: (0.8531241487116308, 1), 87: (0.8512447800957482, 1), 88: (0.8493614305456608, 1), 89: (0.8474740989118508, 1), 90: (0.8455827840516863, 1), 91: (0.8436874848294516, 1), 92: (0.8417882001163286, 1), 93: (0.8398849287903982, 1), 94: (0.8379776697366658, 1), 95: (0.8360664218470274, 1), 96: (0.8341511840203123, 1), 97: (0.83223195516226, 1), 98: (0.8303087341855521, 1), 99: (0.8283815200097506, 1), 100: (0.8264503115613945, 1), 101: (0.8245151077739301, 1), 102: (0.82257590758773, 1), 103: (0.8206327099501198, 1), 104: (0.818685513815366, 1), 105: (0.8167343181446813, 1), 106: (0.8147791219061901, 1), 107: (0.81281992407502, 1), 108: (0.8108567236332098, 1), 109: (0.8088895195697655, 1), 110: (0.8069183108806599, 1), 111: (0.8049430965688176, 1), 112: (0.8029638756441277, 1), 113: (0.8009806471234374, 1), 114: (0.7989934100305938, 1), 115: (0.7970021633963774, 1), 116: (0.7950069062585682, 1), 117: (0.7930076376619142, 1), 118: (0.7910043566581572, 1), 119: (0.7889970623060101, 1), 120: (0.7869857536711551, 1), 121: (0.7849704298262954, 1), 122: (0.7829510898511154, 1), 123: (0.7809277328322819, 1), 124: (0.7789003578634712, 1), 125: (0.7768689640453521, 1), 126: (0.7748335504855945, 1), 127: (0.7727941162988625, 1), 128: (0.7707506606068606, 1), 129: (0.7687031825382649, 1), 130: (0.7666516812287789, 1), 131: (0.7645961558211305, 1), 132: (0.7625366054650465, 1), 133: (0.7604730293172894, 1), 134: (0.7584054265416169, 1), 135: (0.7563337963088301, 1), 136: (0.7542581377967682, 1), 137: (0.7521784501902757, 1), 138: (0.7500947326812337, 1), 139: (0.7480069844685702, 1), 140: (0.7459152047582343, 1), 141: (0.7438193927632134, 1), 142: (0.7417195477035308, 1), 143: (0.739615668806294, 1), 144: (0.7375077553055797, 1), 145: (0.7353958064425739, 1), 146: (0.7332798214654914, 1), 147: (0.731159799629606, 1), 148: (0.729035740197186, 1), 149: (0.7269076424376804, 1), 150: (0.7247755056274773, 1), 151: (0.7226393290500712, 1), 152: (0.7204991119959956, 1), 153: (0.7183548537629016, 1), 154: (0.7162065536554745, 1), 155: (0.7140542109854424, 1), 156: (0.7118978250715897, 1), 157: (0.7097373952398529, 1), 158: (0.7075729208232022, 1), 159: (0.7054044011616434, 1), 160: (0.7032318356023224, 1), 161: (0.701055223499397, 1), 162: (0.6988745642142101, 1), 163: (0.6966898571150463, 1), 164: (0.6945011015773765, 1), 165: (0.692308296983738, 1), 166: (0.6901114427237367, 1), 167: (0.687910538194078, 1), 168: (10790, 1), 169: (10790, 1), 170: (10790, 1), 171: (10790, 1), 172: (10790, 1), 173: (10790, 1), 174: (10790, 1), 175: (10790, 1), 176: (10790, 1), 177: (10790, 1), 178: (10790, 1), 179: (10790, 1), 180: (10790, 1), 181: (10790, 1), 182: (10790, 1), 183: (10790, 1), 184: (10790, 1), 185: (10790, 1), 186: (10790, 1), 187: (10790, 1), 188: (10790, 1), 189: (10790, 1), 190: (10790, 1), 191: (10790, 1), 192: (10790, 1), 193: (10790, 1), 194: (10790, 1), 195: (10790, 1), 196: (10790, 1), 197: (10790, 1), 198: (10790, 1), 199: (10790, 1), 200: (10790, 1), 201: (10790, 1), 202: (10790, 1), 203: (10790, 1), 204: (10790, 1), 205: (10790, 1), 206: (10790, 1), 207: (10790, 1), 208: (10790, 1), 209: (10790, 1), 210: (10790, 1), 211: (10790, 1), 212: (10790, 1), 213: (10790, 1), 214: (10790, 1), 215: (10790, 1), 216: (10790, 1), 217: (10790, 1), 218: (10790, 1), 219: (10790, 1), 220: (10790, 1), 221: (10790, 1), 222: (10790, 1), 223: (10790, 1), 224: (10790, 1), 225: (10790, 1), 226: (10790, 1), 227: (10790, 1), 228: (10790, 1), 229: (10790, 1), 230: (10790, 1), 231: (10790, 1), 232: (10790, 1), 233: (10790, 1), 234: (10790, 1), 235: (10790, 1), 236: (10790, 1), 237: (10790, 1), 238: (10790, 1), 239: (10790, 1), 240: (10790, 1), 241: (10790, 1), 242: (10790, 1), 243: (10790, 1), 244: (10790, 1), 245: (10790, 1), 246: (10790, 1), 247: (10789, 0.7205562543667812), 248: (10789, 0.6315651682320105), 249: (10789, 0.5603361959162316), 250: (10789, 0.4999999999999825), 251: (10789, 0.44774687968658133), 252: (10789, 0.40200230136924436), 253: (10789, 0.3617126438142462), 254: (10789, 0.3261050605742013), 255: (10789, 0.2945631891380665), 256: (10789, 0.26657835340642716), 257: (10789, 0.2417178798441517), 258: (10789, 0.21960977095344378), 259: (10789, 0.19992558145903142), 260: (10789, 0.1823819820803179), 261: (10789, 0.1667242746915772), 262: (10789, 0.15273080087002486), 263: (10789, 0.140209768888117), 264: (10789, 0.1289850413555658), 265: (10789, 0.11890764469576912), 266: (10789, 0.10984681068044833), 267: (10789, 0.10168384411007712), 268: (10789, 0.09431241896934929), 269: (10789, 0.08765164176301357), 270: (10789, 0.08161255085956427), 271: (10789, 0.07613384863539147), 272: (10789, 0.07115136804858434), 273: (10789, 0.06661274716027066), 274: (10789, 0.06246951573628005), 275: (10789, 0.058677437197243415), 276: (10789, 0.055206937944744926), 277: (10789, 0.0520202874741039), 278: (10789, 0.049089494634085885), 279: (10789, 0.04639167312121934), 280: (10789, 0.04390362652142697), 281: (10789, 0.04160457481103615), 282: (10789, 0.03947679655397927), 283: (10789, 0.03750368827487827), 284: (10789, 0.03567122149241055), 285: (10789, 0.0339692839962449), 286: (10789, 0.0323844298192202), 287: (10789, 0.03090800166910648), 288: (10789, 0.029528802062829262), 289: (10789, 0.02823922111895771), 290: (10789, 0.027030541638628346), 291: (10789, 0.025898602529381694), 292: (10789, 0.024838334496000217), 293: (10789, 0.02384078883869489), 294: (10789, 0.02290119213235305), 295: (10789, 0.022015424577841454), 296: (10789, 0.021183518187911726), 297: (10789, 0.02039240788093478), 298: (10789, 0.01964738376219901), 299: (10789, 0.018938934670630625), 300: (10789, 0.018268095942587735), 301: (10789, 0.01762901800686339), 302: (10789, 0.017021022064826925), 303: (10789, 0.016438640538307337), 304: (10789, 0.01588246152074616), 305: (10789, 0.015349860827447104), 306: (10789, 0.014838290776203585), 307: (10789, 0.014345796384453793), 308: (10789, 0.013870402049102995), 309: (10789, 0.013411467564612582), 310: (10789, 0.012964333428287454), 311: (10789, 0.012532434226014131), 312: (10789, 0.012109685306901319), 313: (10789, 0.011696871969286189), 314: (10789, 0.011291646711529709), 315: (10789, 0.010892270482086571), 316: (10789, 0.010495546258365164), 317: (10789, 0.010102242140599727), 318: (10789, 0.009708372344942349), 319: (10789, 0.009310403669528533), 320: (10789, 0.00890436986387566), 321: (10789, 0.00848426039978453), 322: (10789, 0.008038713803614475), 323: (10789, 0.00755408103091046), 324: (10789, 0.0069784513424916315), 325: (10789, 0.001), 326: (10789, 0.001), 327: (10789, 0.001), 328: (10789, 0.001), 329: (10789, 0.001), 330: (10789, 0.001), 331: (10789, 0.001), 332: (10789, 0.001), 333: (-0.31208946180592206, 0.001), 334: (-0.30988855727626335, 0.001), 335: (-0.307691703016262, 0.001), 336: (-0.3054988984226235, 0.001), 337: (-0.3033101428849537, 0.001), 338: (-0.3011254357857899, 0.001), 339: (-0.29894477650060297, 0.001), 340: (-0.2967681643976776, 0.001), 341: (-0.29459559883835656, 0.001), 342: (-0.2924270791767978, 0.001), 343: (-0.29026260476014704, 0.001), 344: (-0.2881021749284102, 0.001), 345: (-0.2859457890145575, 0.001), 346: (-0.2837934463445256, 0.001), 347: (-0.28164514623709835, 0.001), 348: (-0.2795008880040044, 0.001), 349: (-0.2773606709499287, 0.001), 350: (-0.2752244943725227, 0.001), 351: (-0.27309235756231964, 0.001), 352: (-0.270964259802814, 0.001), 353: (-0.268840200370394, 0.001), 354: (-0.2667201785345086, 0.001), 355: (-0.26460419355742615, 0.001), 356: (-0.26249224469442034, 0.001), 357: (-0.260384331193706, 0.001), 358: (-0.25828045229646923, 0.001), 359: (-0.2561806072367866, 0.001), 360: (-0.2540847952417657, 0.001), 361: (-0.25199301553142983, 0.001), 362: (-0.24990526731876628, 0.001), 363: (-0.24782154980972432, 0.001), 364: (-0.24574186220323183, 0.001), 365: (-0.24366620369116984, 0.001), 366: (-0.24159457345838306, 0.001), 367: (-0.23952697068271053, 0.001), 368: (-0.23746339453495346, 0.001), 369: (-0.23540384417886945, 0.001), 370: (-0.2333483187712211, 0.001), 371: (-0.2312968174617352, 0.001), 372: (-0.22924933939313943, 0.001), 373: (-0.22720588370113742, 0.001), 374: (-0.2251664495144055, 0.001), 375: (-0.22313103595464784, 0.001), 376: (-0.22109964213652877, 0.001), 377: (-0.2190722671677181, 0.001), 378: (-0.21704891014888467, 0.001), 379: (-0.21502957017370458, 0.001), 380: (-0.2130142463288449, 0.001), 381: (-0.2110029376939899, 0.001), 382: (-0.20899564334184287, 0.001), 383: (-0.20699236233808577, 0.001), 384: (-0.20499309374143182, 0.001), 385: (-0.2029978366036226, 0.001), 386: (-0.20100658996940618, 0.001), 387: (-0.1990193528765626, 0.001), 388: (-0.1970361243558722, 0.001), 389: (-0.19505690343118237, 0.001), 390: (-0.19308168911934004, 0.001), 391: (-0.19111048043023446, 0.001), 392: (-0.18914327636679024, 0.001), 393: (-0.18718007592498, 0.001), 394: (-0.18522087809380994, 0.001), 395: (-0.1832656818553186, 0.001), 396: (-0.18131448618463397, 0.001), 397: (-0.17936729004988017, 0.001), 398: (-0.17742409241226997, 0.001), 399: (-0.17548489222606994, 0.001), 400: (-0.17354968843860555, 0.001), 401: (-0.17161847999024935, 0.001), 402: (-0.1696912658144479, 0.001), 403: (-0.16776804483773997, 0.001), 404: (-0.16584881597968773, 0.001), 405: (-0.16393357815297258, 0.001), 406: (-0.1620223302633342, 0.001), 407: (-0.1601150712096018, 0.001), 408: (-0.15821179988367134, 0.001), 409: (-0.1563125151705484, 0.001), 410: (-0.1544172159483137, 0.001), 411: (-0.15252590108814923, 0.001), 412: (-0.15063856945433918, 0.001), 413: (-0.14875521990425175, 0.001), 414: (-0.1468758512883692, 0.001), 415: (-0.14500046245028175, 0.001), 416: (-0.1431290522266902, 0.001), 417: (-0.14126161944740578, 0.001), 418: (-0.13939816293535617, 0.001), 419: (-0.13753868150659299, 0.001), 420: (-0.1356831739702846, 0.001), 421: (-0.13383163912873489, 0.001), 422: (-0.13198407577736918, 0.001), 423: (-0.1301404827047579, 0.001), 424: (-0.12830085869260047, 0.001), 425: (-0.12646520251574064, 0.001), 426: (-0.12463351294216396, 0.001), 427: (-0.12280578873300757, 0.001), 428: (-0.120982028642553, 0.001), 429: (-0.11916223141824638, 0.001), 430: (-0.11734639580068695, 0.001), 431: (-0.11553452052363998, 0.001), 432: (-0.11372660431402783, 0.001), 433: (-0.11192264589195501, 0.001), 434: (-0.11012264397068582, 0.001), 435: (-0.10832659725666935, 0.001), 436: (-0.1065345044495385, 0.001), 437: (-0.10474636424209997, 0.001), 438: (-0.1029621753203617, 0.001), 439: (-0.10118193636350789, 0.001), 440: (-0.09940564604392944, 0.001), 441: (-0.09763330302721561, 0.001), 442: (-0.09586490597215372, 0.001), 443: (-0.09410045353074047, 0.001), 444: (-0.09233994434818675, 0.001), 445: (-0.09058337706291726, 0.001), 446: (-0.08883075030656724, 0.001), 447: (-0.08708206270400413, 0.001), 448: (-0.08533731287331779, 0.001), 449: (-0.08359649942582899, 0.001), 450: (-0.08185962096609416, 0.001), 451: (-0.08012667609190467, 0.001), 452: (-0.07839766339429713, 0.001), 453: (-0.07667258145755365, 0.001), 454: (-0.07495142885920715, 0.001), 455: (-0.0732342041700449, 0.001), 456: (-0.07152090595411202, 0.001), 457: (-0.06981153276871893, 0.001), 458: (-0.06810608316443857, 0.001), 459: (-0.06640455568511877, 0.001), 460: (-0.06470694886788006, 0.001), 461: (-0.06301326124312333, 0.001), 462: (-0.061323491334533985, 0.001), 463: (-0.0596376376590837, 0.001), 464: (-0.05795569872703536, 0.001), 465: (-0.0562776730419502, 0.001), 466: (-0.05460355910068883, 0.001), 467: (-0.05293335539341576, 0.001), 468: (-0.05126706040360772, 0.001), 469: (-0.04960467260805108, 0.001), 470: (-0.047946190476852585, 0.001), 471: (-0.04629161247344085, 0.001), 472: (-0.04464093705456959, 0.001), 473: (-0.042994162670325214, 0.001), 474: (-0.04135128776412839, 0.001), 475: (-0.03971231077274055, 0.001), 476: (-0.038077230126266855, 0.001), 477: (-0.03644604424816143, 0.001), 478: (-0.03481875155523192, 0.001), 479: (-0.033195350457643366, 0.001), 480: (-0.03157583935892367, 0.001), 481: (-0.02996021665596747, 0.001), 482: (-0.02834848073904092, 0.001), 483: (-0.026740629991786363, 0.001), 484: (-0.025136662791226883, 0.001), 485: (-0.023536577507770867, 0.001), 486: (-0.02194037250521683, 0.001), 487: (-0.020348046140758, 0.001), 488: (-0.01875959676498693, 0.001), 489: (-0.01717502272190031, 0.001), 490: (-0.015594322348903764, 0.001), 491: (-0.014017493976816415, 0.001), 492: (-0.012444535929875758, 0.001), 493: (-0.010875446525742453, 0.001), 494: (-0.009310224075505125, 0.001), 495: (-0.007748866883685168, 0.001), 496: (-0.006191373248241566, 0.001), 497: (-0.004637741460575798, 0.001), 498: (-0.0030879698055366936, 0.001), 499: (-0.0015420565614253428, 0.001), 500: (0, 0)}
499 (648.4846438289443, 0.001)
498 (972.1596428485909, 0.001)
497 (1187.6736418962614, 0.001)
496 (1349.1075576960304, 0.001)
495 (1478.093777569821, 0.001)
494 (1585.4484943392515, 0.001)
493 (1677.352388899813, 0.001)
492 (1757.6683861861943, 0.001)
491 (1828.9717689346412, 0.001)
490 (1893.065234564123, 0.001)
489 (1951.2598352933312, 0.001)
488 (2004.5388598755806, 0.001)
487 (2053.658683897215, 0.001)
486 (2099.2136021122797, 0.001)
485 (2141.679049998976, 0.001)
484 (2181.4413185797084, 0.001)
483 (2218.818529588179, 0.001)
482 (2254.07578420117, 0.001)
481 (2287.436325261964, 0.001)
480 (2319.089908947897, 0.001)
479 (2349.1991831837345, 0.001)
478 (2377.9046164156434, 0.001)
477 (2405.328354912547, 0.001)
476 (2431.57727646304, 0.001)
475 (2456.7454333329115, 0.001)
474 (2480.9160254231406, 0.001)
473 (2504.1630080282657, 0.001)
472 (2526.552412495036, 0.001)
471 (2548.1434391812995, 0.001)
470 (2568.9893682550673, 0.001)
469 (2589.1383235905064, 0.001)
468 (2608.63391730518, 0.001)
467 (2627.515796640126, 0.001)
466 (2645.820110416391, 0.001)
465 (2663.5799088549225, 0.001)
464 (2680.8254878659122, 0.001)
463 (2697.5846868125495, 0.001)
462 (2713.8831470953355, 0.001)
461 (2729.744537584559, 0.001)
460 (2745.1907518737103, 0.001)
459 (2760.242081477602, 0.001)
458 (2774.9173684116586, 0.001)
457 (2789.2341400294363, 0.001)
456 (2803.2087285376824, 0.001)
455 (2816.856377231956, 0.001)
454 (2830.1913351848866, 0.001)
453 (2843.226941861219, 0.001)
452 (2855.9757029187845, 0.001)
451 (2868.4493582746854, 0.001)
450 (2880.65894336485, 0.001)
449 (2892.6148443977554, 0.001)
448 (2904.3268482952844, 0.001)
447 (2915.80418792219, 0.001)
446 (2927.0555831276347, 0.001)
445 (2938.089278055683, 0.001)
444 (2948.9130751245007, 0.001)
443 (2959.5343660249205, 0.001)
442 (2969.960160046715, 0.001)
441 (2980.197110004343, 0.001)
440 (2990.251536002206, 0.001)
439 (3000.129447251938, 0.001)
438 (3009.836562130239, 0.001)
437 (3019.3783266448067, 0.001)
436 (3028.7599314576223, 0.001)
435 (3037.9863275987545, 0.001)
434 (3047.062240989714, 0.001)
433 (3055.992185882984, 0.001)
432 (3064.780477313341, 0.001)
431 (3073.4312426469137, 0.001)
430 (3081.9484323053007, 0.001)
429 (3090.335829734474, 0.001)
428 (3098.5970606813885, 0.001)
427 (3106.7356018352166, 0.001)
426 (3114.7547888847066, 0.001)
425 (3122.6578240383897, 0.001)
424 (3130.4477830500273, 0.001)
423 (3138.127621787869, 0.001)
422 (3145.700182382803, 0.001)
421 (3153.1681989873673, 0.001)
420 (3160.534303174843, 0.001)
419 (3167.8010290050565, 0.001)
418 (3174.970817781298, 0.001)
417 (3182.0460225206693, 0.001)
416 (3189.028912158349, 0.001)
415 (3195.921675504534, 0.001)
414 (3202.7264249713444, 0.001)
413 (3209.4452000855144, 0.001)
412 (3216.0799708015234, 0.001)
411 (3222.632640628576, 0.001)
410 (3229.1050495838685, 0.001)
409 (3235.4989769835834, 0.001)
408 (3241.816144082206, 0.001)
407 (3248.0582165699348, 0.001)
406 (3254.226806937255, 0.001)
405 (3260.323476715052, 0.001)
404 (3266.3497385980654, 0.001)
403 (3272.307058458873, 0.001)
402 (3278.196857259127, 0.001)
401 (3284.020512864264, 0.001)
400 (3289.7793617674715, 0.001)
399 (3295.4747007283154, 0.001)
398 (3301.107788331041, 0.001)
397 (3306.679846467228, 0.001)
396 (3312.1920617471596, 0.001)
395 (3317.6455868439907, 0.001)
394 (3323.041541774499, 0.001)
393 (3328.381015120006, 0.001)
392 (3333.6650651907566, 0.001)
391 (3338.8947211368913, 0.001)
390 (3344.070984008925, 0.001)
389 (3349.1948277704487, 0.001)
388 (3354.2672002656236, 0.001)
387 (3359.2890241438704, 0.001)
386 (3364.2611977439865, 0.001)
385 (3369.184595939846, 0.001)
384 (3374.060070949622, 0.001)
383 (3378.888453110445, 0.001)
382 (3383.670551620231, 0.001)
381 (3388.407155248333, 0.001)
380 (3393.0990330165887, 0.001)
379 (3397.746934852228, 0.001)
378 (3402.351592214015, 0.001)
377 (3406.913718692933, 0.001)
376 (3411.434010588668, 0.001)
375 (3415.913147463007, 0.001)
374 (3420.3517926712934, 0.001)
373 (3424.750593872943, 0.001)
372 (3429.1101835220447, 0.001)
371 (3433.4311793389106, 0.001)
370 (3437.7141847635176, 0.001)
369 (3441.9597893916216, 0.001)
368 (3446.1685693943737, 0.001)
367 (3450.3410879221346, 0.001)
366 (3454.4778954932417, 0.001)
365 (3458.579530368369, 0.001)
364 (3462.646518911127, 0.001)
363 (3466.6793759354937, 0.001)
362 (3470.6786050406654, 0.001)
361 (3474.644698933862, 0.001)
360 (3478.5781397415944, 0.001)
359 (3482.4793993099097, 0.001)
358 (3486.348939494045, 0.001)
357 (3490.1872124379693, 0.001)
356 (3493.994660844209, 0.001)
355 (3497.7717182343713, 0.001)
354 (3501.5188092007484, 0.001)
353 (3505.2363496493585, 0.001)
352 (3508.9247470347836, 0.001)
351 (3512.584400587112, 0.001)
350 (3516.2157015313346, 0.001)
349 (3519.8190332994586, 0.001)
348 (3523.3947717356564, 0.001)
347 (3526.9432852947043, 0.001)
346 (3530.464935233981, 0.001)
345 (3533.9600757992625, 0.001)
344 (3537.4290544045734, 0.001)
343 (3540.872211806315, 0.001)
342 (3544.2898822718626, 0.001)
341 (3547.6823937428735, 0.001)
340 (3551.0500679934976, 0.001)
339 (3554.3932207836624, 0.001)
338 (3557.71216200763, 0.001)
337 (3561.007195837997, 0.001)
336 (3564.27862086531, 0.001)
335 (3567.5267302334482, 0.001)
334 (3570.751811770913, 0.001)
333 (3573.954148118204, 0.001)
332 (3577.134016851408, 0.001)
331 (3580.291690602109, 0.001)
330 (3583.4274371737893, 0.001)
329 (3586.5415196548242, 0.001)
328 (3589.63419652818, 0.001)
327 (3592.7057217779584, 0.001)
326 (3595.756344992871, 0.001)
325 (3598.786311466756, 0.001)
324 (3602.030484530741, 0.0069784513424916315)
323 (3605.1268696797565, 0.00755408103091046)
322 (3608.1840548826262, 0.008038713803614475)
321 (3611.196390638804, 0.00848426039978453)
320 (3614.1624919418537, 0.00890436986387566)
319 (3617.0820229625574, 0.009310403669528533)
318 (3619.954853095426, 0.009708372344942349)
317 (3622.780908642502, 0.010102242140599727)
316 (3625.560155245166, 0.010495546258365164)
315 (3628.292591478869, 0.010892270482086571)
314 (3630.978260838477, 0.011291646711529709)
313 (3633.6172248836792, 0.011696871969286189)
312 (3636.209571078478, 0.012109685306901319)
311 (3638.7554043364607, 0.012532434226014131)
310 (3641.2548555851467, 0.012964333428287454)
309 (3643.7080504098294, 0.013411467564612582)
308 (3646.115151143617, 0.013870402049102995)
307 (3648.476310106799, 0.014345796384453793)
306 (3650.791696478007, 0.014838290776203585)
305 (3653.061482465553, 0.015349860827447104)
304 (3655.285844579635, 0.01588246152074616)
303 (3657.464960397025, 0.016438640538307337)
302 (3659.599008360374, 0.017021022064826925)
301 (3661.6881771361627, 0.01762901800686339)
300 (3663.7326394111533, 0.018268095942587735)
299 (3665.732578149674, 0.018938934670630625)
298 (3667.6881603164934, 0.01964738376219901)
297 (3669.5995681555696, 0.02039240788093478)
296 (3671.466952576696, 0.021183518187911726)
295 (3673.290499584995, 0.022015424577841454)
294 (3675.070344382283, 0.02290119213235305)
293 (3676.8066484038713, 0.02384078883869489)
292 (3678.499560181985, 0.024838334496000217)
291 (3680.149222312241, 0.025898602529381694)
290 (3681.755760754776, 0.027030541638628346)
289 (3683.319305358977, 0.02823922111895771)
288 (3684.8399850894284, 0.029528802062829262)
287 (3686.3179136170434, 0.03090800166910648)
286 (3687.7532027333955, 0.0323844298192202)
285 (3689.1459505719436, 0.0339692839962449)
284 (3690.496257320381, 0.03567122149241055)
283 (3691.8042074327313, 0.03750368827487827)
282 (3693.0698902934655, 0.03947679655397927)
281 (3694.293383583546, 0.04160457481103615)
280 (3695.474755884374, 0.04390362652142697)
279 (3696.6140707058616, 0.04639167312121934)
278 (3697.7113824018616, 0.049089494634085885)
277 (3698.766738283503, 0.0520202874741039)
276 (3699.7801870205744, 0.055206937944744926)
275 (3700.751767104105, 0.058677437197243415)
274 (3701.6814951692, 0.06246951573628005)
273 (3702.5694116257814, 0.06661274716027066)
272 (3703.4155294835514, 0.07115136804858434)
271 (3704.2198593990793, 0.07613384863539147)
270 (3704.982414367205, 0.08161255085956427)
269 (3705.703194935336, 0.08765164176301357)
268 (3706.382228510149, 0.09431241896934929)
267 (3707.019504902301, 0.10168384411007712)
266 (3707.615063613952, 0.10984681068044833)
265 (3708.1689292582164, 0.11890764469576912)
264 (3708.681149898155, 0.1289850413555658)
263 (3709.151811987698, 0.140209768888117)
262 (3709.5810446142223, 0.15273080087002486)
261 (3709.969022035788, 0.1667242746915772)
260 (3710.3160135207754, 0.1823819820803179)
259 (3710.6223888950776, 0.19992558145903142)
258 (3710.8886552059716, 0.21960977095344378)
257 (3711.115518458626, 0.2417178798441517)
256 (3711.3039249277394, 0.26657835340642716)
255 (3711.455155601678, 0.2945631891380665)
254 (3711.5709242794483, 0.3261050605742013)
253 (3711.653531924076, 0.3617126438142462)
252 (3711.7060885427554, 0.40200230136924436)
251 (3711.732874284183, 0.44774687968658133)
250 (3711.739963407063, 0.4999999999999825)
249 (3711.7365250991825, 0.5603361959162316)
248 (3711.7380756551206, 0.6315651682320105)
247 (3711.7783667882427, 0.7205562543667812)
500 246 254
500 245 255
500 244 256
500 243 257
500 242 258
500 241 259
500 240 260
500 239 261
500 238 262
500 237 263
500 236 264
500 235 265
500 234 266
500 233 267
500 232 268
500 231 269
500 230 270
500 229 271
500 228 272
500 227 273
500 226 274
500 225 275
500 224 276
500 223 277
500 222 278
500 221 279
500 220 280
500 219 281
500 218 282
500 217 283
500 216 284
500 215 285
500 214 286
500 213 287
500 212 288
500 211 289
500 210 290
500 209 291
500 208 292
500 207 293
500 206 294
500 205 295
500 204 296
500 203 297
500 202 298
500 201 299
500 200 300
500 199 301
500 198 302
500 197 303
500 196 304
500 195 305
500 194 306
500 193 307
500 192 308
500 191 309
500 190 310
500 189 311
500 188 312
500 187 313
500 186 314
500 185 315
500 184 316
500 183 317
500 182 318
500 181 319
500 180 320
500 179 321
500 178 322
500 177 323
500 176 324
500 175 325
500 174 326
500 173 327
500 172 328
500 171 329
500 170 330
500 169 331
500 168 332
500 167 333
500 166 334
500 165 335
500 164 336
500 163 337
500 162 338
500 161 339
500 160 340
500 159 341
500 158 342
500 157 343
500 156 344
500 155 345
500 154 346
500 153 347
500 152 348
500 151 349
500 150 350
500 149 351
500 148 352
500 147 353
500 146 354
500 145 355
500 144 356
500 143 357
500 142 358
500 141 359
500 140 360
500 139 361
500 138 362
500 137 363
500 136 364
500 135 365
500 134 366
500 133 367
500 132 368
500 131 369
500 130 370
500 129 371
500 128 372
500 127 373
500 126 374
500 125 375
500 124 376
500 123 377
500 122 378
500 121 379
500 120 380
500 119 381
500 118 382
500 117 383
500 116 384
500 115 385
500 114 386
500 113 387
500 112 388
500 111 389
500 110 390
500 109 391
500 108 392
500 107 393
500 106 394
500 105 395
500 104 396
500 103 397
500 102 398
500 101 399
500 100 400
500 99 401
500 98 402
500 97 403
500 96 404
500 95 405
500 94 406
500 93 407
500 92 408
500 91 409
500 90 410
500 89 411
500 88 412
500 87 413
500 86 414
500 85 415
500 84 416
500 83 417
500 82 418
500 81 419
500 80 420
500 79 421
500 78 422
500 77 423
500 76 424
500 75 425
500 74 426
500 73 427
500 72 428
500 71 429
500 70 430
500 69 431
500 68 432
500 67 433
500 66 434
500 65 435
500 64 436
500 63 437
500 62 438
500 61 439
500 60 440
500 59 441
500 58 442
500 57 443
500 56 444
500 55 445
500 54 446
500 53 447
500 52 448
500 51 449
500 50 450
500 49 451
500 48 452
500 47 453
500 46 454
500 45 455
500 44 456
500 43 457
500 42 458
500 41 459
500 40 460
500 39 461
500 38 462
500 37 463
500 36 464
500 35 465
500 34 466
500 33 467
500 32 468
500 31 469
500 30 470
500 29 471
500 28 472
500 27 473
500 26 474
500 25 475
500 24 476
500 23 477
500 22 478
500 21 479
500 20 480
500 19 481
500 18 482
500 17 483
500 16 484
500 15 485
500 14 486
500 13 487
500 12 488
500 11 489
500 10 490
500 9 491
500 8 492
500 7 493
500 6 494
500 5 495
500 4 496
500 3 497
500 2 498
500 1 499

499 (858.7815465650091, 0.002)
498 (1286.4556138166424, 0.002)
497 (1570.718778686834, 0.002)
496 (1783.2794653588771, 0.002)
495 (1952.8211422920106, 0.002)
494 (2093.685530534667, 0.002)
493 (2214.067888049904, 0.002)
492 (2319.0902413371127, 0.002)
491 (2412.167266152044, 0.002)
490 (2495.6892278662044, 0.002)
489 (2571.3944943896186, 0.002)
488 (2640.5868353752735, 0.002)
487 (2704.2691448060095, 0.002)
486 (2763.2294055142615, 0.002)
485 (2818.0979988614836, 0.002)
484 (2869.387105142413, 0.002)
483 (2917.5185156347966, 0.002)
482 (2962.8437190794402, 0.002)
481 (3005.6587022441718, 0.002)
480 (3046.215050346535, 0.002)
479 (3084.7284045184438, 0.002)
478 (3121.3849971195395, 0.002)
477 (3156.346766330019, 0.002)
476 (3189.7554052030755, 0.002)
475 (3221.735600906653, 0.002)
474 (3252.3976510338853, 0.002)
473 (3281.8395954114167, 0.002)
472 (3310.1489672275084, 0.002)
471 (3337.4042422413017, 0.002)
470 (3363.6760464570725, 0.002)
469 (3389.028169012147, 0.002)
468 (3413.518416800929, 0.002)
467 (3437.1993396103044, 0.002)
466 (3460.1188486173423, 0.002)
465 (3482.320746530052, 0.002)
464 (3503.845184097358, 0.002)
463 (3524.7290549284085, 0.002)
462 (3545.006338361864, 0.002)
461 (3564.708398377469, 0.002)
460 (3583.8642451435635, 0.002)
459 (3602.5007646684635, 0.002)
458 (3620.6429211122804, 0.002)
457 (3638.3139355740154, 0.002)
456 (3655.5354445618427, 0.002)
455 (3672.3276408554984, 0.002)
454 (3688.709399057437, 0.002)
453 (3704.6983877874154, 0.002)
452 (3720.311170190036, 0.002)
451 (3735.563294186363, 0.002)
450 (3750.469373700272, 0.002)
449 (3765.0431619213828, 0.002)
448 (3779.297617523382, 0.002)
447 (3793.244964635283, 0.002)
446 (3806.8967472597074, 0.002)
445 (3820.2638787439837, 0.002)
444 (3833.3566868341354, 0.002)
443 (3846.1849547766833, 0.002)
442 (3858.757958877132, 0.002)
441 (3871.084502875472, 0.002)
440 (3883.172949457006, 0.002)
439 (3895.0312491802556, 0.002)
438 (3906.666967071928, 0.002)
437 (3918.0873071110973, 0.002)
436 (3929.2991348005253, 0.002)
435 (3940.3089980016734, 0.002)
434 (3951.1231461912394, 0.002)
433 (3961.747548280612, 0.002)
432 (3972.1879091250103, 0.002)
431 (3982.449684836262, 0.002)
430 (3992.5380970017804, 0.002)
429 (4002.458145902141, 0.002)
428 (4012.214622810745, 0.002)
427 (4021.8121214509883, 0.002)
426 (4031.255048679269, 0.002)
425 (4040.5476344557305, 0.002)
424 (4049.693941159023, 0.002)
423 (4058.6978722961526, 0.002)
422 (4067.5631806539836, 0.002)
421 (4076.293475934773, 0.002)
420 (4084.8922319144617, 0.002)
419 (4093.362793159052, 0.002)
418 (4101.70838133142, 0.002)
417 (4109.9321011181655, 0.002)
416 (4118.036945803638, 0.002)
415 (4126.025802516054, 0.002)
414 (4133.901457168566, 0.002)
413 (4141.666599116346, 0.002)
412 (4149.323825549019, 0.002)
411 (4156.875645636304, 0.002)
410 (4164.324484443321, 0.002)
409 (4171.672686630736, 0.002)
408 (4178.922519953783, 0.002)
407 (4186.0761785731465, 0.002)
406 (4193.1357861896995, 0.002)
405 (4200.103399014237, 0.002)
404 (4206.981008582502, 0.002)
403 (4213.770544425092, 0.002)
402 (4220.473876601117, 0.002)
401 (4227.092818103869, 0.002)
400 (4233.629127146182, 0.002)
399 (4240.084509332652, 0.002)
398 (4246.460619725322, 0.002)
397 (4252.759064809103, 0.002)
396 (4258.981404362648, 0.002)
395 (4265.129153240153, 0.002)
394 (4271.203783069049, 0.002)
393 (4277.20672386838, 0.002)
392 (4283.139365592217, 0.002)
391 (4289.003059602248, 0.002)
390 (4294.799120073437, 0.002)
389 (4300.528825336308, 0.002)
388 (4306.193419159337, 0.002)
387 (4311.794111974538, 0.002)
386 (4317.332082049305, 0.002)
385 (4322.808476607269, 0.002)
384 (4328.224412900842, 0.002)
383 (4333.580979237894, 0.002)
382 (4338.879235964923, 0.002)
381 (4344.120216408892, 0.002)
380 (4349.304927779804, 0.002)
379 (4354.4343520359735, 0.002)
378 (4359.509446713818, 0.002)
377 (4364.53114572389, 0.002)
376 (4369.5003601148255, 0.002)
375 (4374.417978806684, 0.002)
374 (4379.284869295208, 0.002)
373 (4384.1018783283125, 0.002)
372 (4388.869832556155, 0.002)
371 (4393.589539155984, 0.002)
370 (4398.261786432949, 0.002)
369 (4402.887344397964, 0.002)
368 (4407.466965323666, 0.002)
367 (4412.001384279467, 0.002)
366 (4416.491319646611, 0.002)
365 (4420.937473614176, 0.002)
364 (4425.340532656791, 0.002)
363 (4429.701167994934, 0.002)
362 (4434.0200360385215, 0.002)
361 (4438.297778814556, 0.002)
360 (4442.535024379451, 0.002)
359 (4446.732387216759, 0.002)
358 (4450.8904686208725, 0.002)
357 (4455.009857067279, 0.002)
356 (4459.091128569985, 0.002)
355 (4463.134847026574, 0.002)
354 (4467.141564551453, 0.002)
353 (4471.111821797751, 0.002)
352 (4475.046148268327, 0.002)
351 (4478.945062616346, 0.002)
350 (4482.809072935806, 0.002)
349 (4486.638677042454, 0.002)
348 (4490.434362745436, 0.002)
347 (4494.196608110084, 0.002)
346 (4497.925881712126, 0.002)
345 (4501.6226428837235, 0.002)
344 (4505.287341951598, 0.002)
343 (4508.920420467552, 0.002)
342 (4512.522311431716, 0.002)
341 (4516.093439508743, 0.002)
340 (4519.634221237256, 0.002)
339 (4523.145065232757, 0.002)
338 (4526.6263723843, 0.002)
337 (4530.078536045093, 0.002)
336 (4533.501942217305, 0.002)
335 (4536.896969731247, 0.002)
334 (4540.263990419151, 0.002)
333 (4543.60336928376, 0.002)
332 (4546.915464661856, 0.002)
331 (4550.200628382976, 0.002)
330 (4553.459205923444, 0.002)
329 (4556.691536555873, 0.002)
328 (4559.8979534943455, 0.002)
327 (4563.078784035367, 0.002)
326 (4566.234349694762, 0.002)
325 (4569.364966340689, 0.002)
324 (4572.552686989693, 0.0069784513424916315)
323 (4575.653609643191, 0.00755408103091046)
322 (4578.711566913855, 0.008038713803614475)
321 (4581.7239580160185, 0.00848426039978453)
320 (4584.690046304827, 0.00890436986387566)
319 (4587.6095720346, 0.009310403669528533)
318 (4590.482401421114, 0.009708372344942349)
317 (4593.308457028062, 0.010102242140599727)
316 (4596.08770368575, 0.010495546258365164)
315 (4598.820139931815, 0.010892270482086571)
314 (4601.505809291876, 0.011291646711529709)
313 (4604.144773336452, 0.011696871969286189)
312 (4606.73711953102, 0.012109685306901319)
311 (4609.282952788971, 0.012532434226014131)
310 (4611.78240403766, 0.012964333428287454)
309 (4614.235598862348, 0.013411467564612582)
308 (4616.642699596137, 0.013870402049102995)
307 (4619.0038585593165, 0.014345796384453793)
306 (4621.319244930524, 0.014838290776203585)
305 (4623.58903091807, 0.015349860827447104)
304 (4625.813393032152, 0.01588246152074616)
303 (4627.992508849543, 0.016438640538307337)
302 (4630.126556812893, 0.017021022064826925)
301 (4632.215725588681, 0.01762901800686339)
300 (4634.260187863671, 0.018268095942587735)
299 (4636.260126602191, 0.018938934670630625)
298 (4638.215708769012, 0.01964738376219901)
297 (4640.127116608089, 0.02039240788093478)
296 (4641.994501029214, 0.021183518187911726)
295 (4643.818048037515, 0.022015424577841454)
294 (4645.597892834802, 0.02290119213235305)
293 (4647.334196856389, 0.02384078883869489)
292 (4649.027108634503, 0.024838334496000217)
291 (4650.676770764758, 0.025898602529381694)
290 (4652.283309207294, 0.027030541638628346)
289 (4653.846853811498, 0.02823922111895771)
288 (4655.367533541948, 0.029528802062829262)
287 (4656.8454620695675, 0.03090800166910648)
286 (4658.280751185918, 0.0323844298192202)
285 (4659.673499024468, 0.0339692839962449)
284 (4661.023805772906, 0.03567122149241055)
283 (4662.331755885257, 0.03750368827487827)
282 (4663.597438745987, 0.03947679655397927)
281 (4664.820932036069, 0.04160457481103615)
280 (4666.0023043369, 0.04390362652142697)
279 (4667.141619158386, 0.04639167312121934)
278 (4668.238930854385, 0.049089494634085885)
277 (4669.294286736024, 0.0520202874741039)
276 (4670.3077354730995, 0.055206937944744926)
275 (4671.279315556631, 0.058677437197243415)
274 (4672.209043621728, 0.06246951573628005)
273 (4673.096960078305, 0.06661274716027066)
272 (4673.943077936075, 0.07115136804858434)
271 (4674.747407851605, 0.07613384863539147)
270 (4675.50996281973, 0.08161255085956427)
269 (4676.230743387862, 0.08765164176301357)
268 (4676.909776962675, 0.09431241896934929)
267 (4677.547053354827, 0.10168384411007712)
266 (4678.142612066479, 0.10984681068044833)
265 (4678.696477710744, 0.11890764469576912)
264 (4679.208698350685, 0.1289850413555658)
263 (4679.679360440225, 0.140209768888117)
262 (4680.108593066752, 0.15273080087002486)
261 (4680.49657048832, 0.1667242746915772)
260 (4680.8435619733045, 0.1823819820803179)
259 (4681.149937347605, 0.19992558145903142)
258 (4681.416203658498, 0.21960977095344378)
257 (4681.643066911151, 0.2417178798441517)
256 (4681.831473380272, 0.26657835340642716)
255 (4681.9827040542095, 0.2945631891380665)
254 (4682.098472731978, 0.3261050605742013)
253 (4682.1810803766, 0.3617126438142462)
252 (4682.233636995284, 0.40200230136924436)
251 (4682.260422736705, 0.44774687968658133)
250 (4682.267511859587, 0.4999999999999825)
249 (4682.264073551706, 0.5603361959162316)
248 (4682.26562410765, 0.6315651682320105)
247 (4682.305915240772, 0.7205562543667812)
500 246 254
500 245 255
500 244 256
500 243 257
500 242 258
500 241 259
500 240 260
500 239 261
500 238 262
500 237 263
500 236 264
500 235 265
500 234 266
500 233 267
500 232 268
500 231 269
500 230 270
500 229 271
500 228 272
500 227 273
500 226 274
500 225 275
500 224 276
500 223 277
500 222 278
500 221 279
500 220 280
500 219 281
500 218 282
500 217 283
500 216 284
500 215 285
500 214 286
500 213 287
500 212 288
500 211 289
500 210 290
500 209 291
500 208 292
500 207 293
500 206 294
500 205 295
500 204 296
500 203 297
500 202 298
500 201 299
500 200 300
500 199 301
500 198 302
500 197 303
500 196 304
500 195 305
500 194 306
500 193 307
500 192 308
500 191 309
500 190 310
500 189 311
500 188 312
500 187 313
500 186 314
500 185 315
500 184 316
500 183 317
500 182 318
500 181 319
500 180 320
500 179 321
500 178 322
500 177 323
500 176 324
500 175 325
500 174 326
500 173 327
500 172 328
500 171 329
500 170 330
500 169 331
500 168 332
500 167 333
500 166 334
500 165 335
500 164 336
500 163 337
500 162 338
500 161 339
500 160 340
500 159 341
500 158 342
500 157 343
500 156 344
500 155 345
500 154 346
500 153 347
500 152 348
500 151 349
500 150 350
500 149 351
500 148 352
500 147 353
500 146 354
500 145 355
500 144 356
500 143 357
500 142 358
500 141 359
500 140 360
500 139 361
500 138 362
500 137 363
500 136 364
500 135 365
500 134 366
500 133 367
500 132 368
500 131 369
500 130 370
500 129 371
500 128 372
500 127 373
500 126 374
500 125 375
500 124 376
500 123 377
500 122 378
500 121 379
500 120 380
500 119 381
500 118 382
500 117 383
500 116 384
500 115 385
500 114 386
500 113 387
500 112 388
500 111 389
500 110 390
500 109 391
500 108 392
500 107 393
500 106 394
500 105 395
500 104 396
500 103 397
500 102 398
500 101 399
500 100 400
500 99 401
500 98 402
500 97 403
500 96 404
500 95 405
500 94 406
500 93 407
500 92 408
500 91 409
500 90 410
500 89 411
500 88 412
500 87 413
500 86 414
500 85 415
500 84 416
500 83 417
500 82 418
500 81 419
500 80 420
500 79 421
500 78 422
500 77 423
500 76 424
500 75 425
500 74 426
500 73 427
500 72 428
500 71 429
500 70 430
500 69 431
500 68 432
500 67 433
500 66 434
500 65 435
500 64 436
500 63 437
500 62 438
500 61 439
500 60 440
500 59 441
500 58 442
500 57 443
500 56 444
500 55 445
500 54 446
500 53 447
500 52 448
500 51 449
500 50 450
500 49 451
500 48 452
500 47 453
500 46 454
500 45 455
500 44 456
500 43 457
500 42 458
500 41 459
500 40 460
500 39 461
500 38 462
500 37 463
500 36 464
500 35 465
500 34 466
500 33 467
500 32 468
500 31 469
500 30 470
500 29 471
500 28 472
500 27 473
500 26 474
500 25 475
500 24 476
500 23 477
500 22 478
500 21 479
500 20 480
500 19 481
500 18 482
500 17 483
500 16 484
500 15 485
500 14 486
500 13 487
500 12 488
500 11 489
500 10 490
500 9 491
500 8 492
500 7 493
500 6 494
500 5 495
500 4 496
500 3 497
500 2 498
500 1 499
0.002004008016032064
0.002004008016032064
0.002004008016032064
0.002004008016032064
0.002004008016032064
0.002004008016032064
0.002004008016032064
0.002004008016032064
0.002004008016032064
0.002004008016032064
0.002004008016032064
0.002004008016032064
0.002004008016032064
0.002004008016032064
0.002004008016032064
0.002004008016032064
0.002004008016032064
0.002004008016032064
0.002004008016032064
0.002004008016032064
0.002004008016032064
0.002004008016032064
0.002004008016032064
0.002004008016032064
0.002004008016032064
0.002004008016032064
0.002004008016032064
0.002004008016032064
0.002004008016032064
0.002004008016032064
0.002004008016032064
0.002004008016032064
0.002004008016032064
0.002004008016032064
0.002004008016032064
0.002004008016032064
0.002004008016032064
0.002004008016032064
0.002004008016032064
0.002004008016032064
0.002004008016032064
0.002004008016032064
0.002004008016032064
0.002004008016032064
0.002004008016032064
0.002004008016032064
0.002004008016032064
0.002004008016032064
0.002004008016032064
0.002004008016032064
0.002004008016032064
0.002004008016032064
0.002004008016032064
0.002004008016032064
0.002004008016032064
0.002004008016032064
0.002004008016032064
0.002004008016032064
0.002004008016032064
0.002004008016032064
0.002004008016032064
0.002004008016032064
0.002004008016032064
0.002004008016032064
0.002004008016032064
0.002004008016032064
0.002004008016032064
0.002004008016032064
0.002004008016032064
0.002004008016032064
0.002004008016032064
0.002004008016032064
0.002004008016032064
0.002004008016032064
0.002004008016032064
0.002004008016032064
0.002004008016032064
0.002004008016032064
0.002004008016032064
0.002004008016032064
0.002004008016032064
0.002004008016032064
0.002004008016032064
0.002004008016032064
0.002004008016032064
0.002004008016032064
0.002004008016032064
0.002004008016032064
0.002004008016032064
0.002004008016032064
0.002004008016032064
0.002004008016032064
0.002004008016032064
0.002004008016032064
0.002004008016032064
0.002004008016032064
0.002004008016032064
0.002004008016032064
0.002004008016032064
0.002004008016032064
0.002004008016032064
0.002004008016032064
0.002004008016032064
0.002004008016032064
0.002004008016032064
0.002004008016032064
0.002004008016032064
0.002004008016032064
0.002004008016032064
0.002004008016032064
0.002004008016032064
0.002004008016032064
0.002004008016032064
0.002004008016032064
0.002004008016032064
0.002004008016032064
0.002004008016032064
0.002004008016032064
0.002004008016032064
0.002004008016032064
0.002004008016032064
0.002004008016032064
0.002004008016032064
0.002004008016032064
0.002004008016032064
0.002004008016032064
0.002004008016032064
0.002004008016032064
0.002004008016032064
0.002004008016032064
0.002004008016032064
0.002004008016032064
0.002004008016032064
0.002004008016032064
0.002004008016032064
0.002004008016032064
0.002004008016032064
0.002004008016032064
0.002004008016032064
0.002004008016032064
0.002004008016032064
0.002004008016032064
0.002004008016032064
0.002004008016032064
0.002004008016032064
0.002004008016032064
0.002004008016032064
0.002004008016032064
0.002004008016032064
0.002004008016032064
0.002004008016032064
0.002004008016032064
0.002004008016032064
0.002004008016032064
0.002004008016032064
0.002004008016032064
0.002004008016032064
0.002004008016032064
0.002004008016032064
0.002004008016032064
0.002004008016032064
0.002004008016032064
0.002004008016032064
0.002004008016032064
0.002004008016032064
0.002004008016032064
0.006012024048096192
332 0.002
0.006012024048096192
331 0.002
0.006012024048096192
330 0.002
0.006012024048096192
329 0.002
0.006012024048096192
328 0.002
0.006012024048096192
327 0.002
0.006012024048096192
326 0.002
0.006012024048096192
325 0.002
0.006012024048096192
324 0.002
0.006012024048096192
323 0.007116250554423574
0.006012024048096192
322 0.007949689016038208
0.006012024048096192
321 0.008494015469217539
0.006012024048096192
320 0.008940676430872088
0.006012024048096192
319 0.009355535284644417
0.006012024048096192
318 0.009759503085635191
0.006012024048096192
317 0.010159660201356568
0.006012024048096192
316 0.010556599511949247
0.01002004008016032
315 0.010961789646575442
0.01002004008016032
314 0.011368984814443792
0.01002004008016032
313 0.01178087454589674
0.01002004008016032
312 0.012200896902188394
0.01002004008016032
311 0.012633843268164562
0.01002004008016032
310 0.013075439961877152
0.01002004008016032
309 0.013530004824921147
0.01002004008016032
308 0.014000739727825263
0.01002004008016032
307 0.014488509986915225
0.01002004008016032
306 0.014993614882103361
0.014028056112224449
305 0.015519775952290014
0.014028056112224449
304 0.016068145685760316
0.014028056112224449
303 0.016641585341354178
0.014028056112224449
302 0.017242668136070196
0.014028056112224449
301 0.017873193579149484
0.014028056112224449
300 0.018536117215823964
0.018036072144288578
299 0.019236093812887222
0.018036072144288578
298 0.01997208298303439
0.018036072144288578
297 0.020750953856748976
0.018036072144288578
296 0.02157656942159379
0.018036072144288578
295 0.022452361678594927
0.022044088176352707
294 0.023381642966039378
0.022044088176352707
293 0.024372218681404084
0.022044088176352707
292 0.025427300387893856
0.022044088176352707
291 0.026552933254912047
0.026052104208416832
290 0.027756911926253524
0.026052104208416832
289 0.02904358035236448
0.026052104208416832
288 0.030424556596834868
0.03006012024048096
287 0.031905620342102016
0.03006012024048096
286 0.033498494098960115
0.03406813627254509
285 0.03521235175925427
0.03406813627254509
284 0.03706471532713729
0.03807615230460922
283 0.03906122204366722
0.03807615230460922
282 0.041222292971235815
0.04208416833667335
281 0.04356566202757508
0.04609218436873747
280 0.04611189631202503
0.04609218436873747
279 0.048878415346256976
0.050100200400801605
278 0.05189395976937954
0.05410821643286573
277 0.05518906416729094
0.05811623246492986
276 0.05879178432488704
0.06212424849699399
275 0.06273904388304131
0.06613226452905811
274 0.06707409749282676
0.07014028056112225
273 0.07184159840359076
0.0781563126252505
272 0.07709694023007858
0.08216432865731463
271 0.08290012999693468
0.09018036072144289
270 0.08931503848575266
0.09819639278557114
269 0.0964170742000695
0.1062124248496994
268 0.10429483858293392
0.11422845691382766
267 0.11303787299899781
0.12625250501002003
266 0.12275018093712768
0.13827655310621242
265 0.13353817329427012
0.15030060120240482
264 0.14552377831647761
0.16633266533066132
263 0.1588267001138553
0.17835671342685372
262 0.1735744315535259
0.19839679358717435
261 0.18988646589989622
0.218436873747495
260 0.2078769948827272
0.23847695390781562
259 0.2276483713176068
0.25851703406813625
258 0.24927173760883514
0.2865731462925852
257 0.272790013979044
0.3106212424849699
256 0.29820331543076734
0.33867735470941884
255 0.3254596122641913
0.37074148296593185
254 0.3544465359468388
0.4028056112224449
253 0.38498728042137564
0.4348697394789579
252 0.41683707997346764
0.46693386773547096
251 0.4496838479184384
0.501002004008016
250 0.4831567495867788
0.533066132264529
249 0.5168430655548474
0.5691382765531062
248 0.5503181369713505
0.6012024048096193
247 0.5831896134983352
0.6332665330661322
246 0.6151562276745207
0.6613226452905812
245 0.6460827158056202
0.6933867735470942
244 0.6760731862388125
0.7214428857715431
243 0.7055360955115226
0.7535070140280561
242 0.7352693983197569
0.7855711422845691
241 0.7666052840187011
0.8256513026052105
240 0.8018002271516956
0.87374749498998
239 0.8452949303258294
0.9559118236472945
238 0.9075575620113353
1.002004008016032
237 0.9999940391390134
1.002004008016032
236 0.9999940391390134
1.002004008016032
235 0.9999940391390134
1.002004008016032
234 0.9999940391390134
1.002004008016032
233 0.9999940391390134
1.002004008016032
232 0.9999940391390134
1.002004008016032
231 0.9999940391390134
1.002004008016032
230 0.9999940391390134
1.002004008016032
229 0.9999940391390134
1.002004008016032
228 0.9999940391390134
1.002004008016032
227 0.9999940391390134
1.002004008016032
226 0.9999940391390134
1.002004008016032
225 0.9999940391390134
1.002004008016032
224 0.9999940391390134
1.002004008016032
223 0.9999940391390134
1.0020040080160320.002004008016032064
0.002004008016032064
0.002004008016032064
0.002004008016032064
0.002004008016032064
0.002004008016032064
0.002004008016032064
0.002004008016032064
0.002004008016032064
0.002004008016032064
0.002004008016032064
0.002004008016032064
0.002004008016032064
0.002004008016032064
0.002004008016032064
0.002004008016032064
0.002004008016032064
0.002004008016032064
0.002004008016032064
0.002004008016032064
0.002004008016032064
0.002004008016032064
0.002004008016032064
0.002004008016032064
0.002004008016032064
0.002004008016032064
0.002004008016032064
0.002004008016032064
0.002004008016032064
0.002004008016032064
0.002004008016032064
0.002004008016032064
0.002004008016032064
0.002004008016032064
0.002004008016032064
0.002004008016032064
0.002004008016032064
0.002004008016032064
0.002004008016032064
0.002004008016032064
0.002004008016032064
0.002004008016032064
0.002004008016032064
0.002004008016032064
0.002004008016032064
0.002004008016032064
0.002004008016032064
0.002004008016032064
0.002004008016032064
0.002004008016032064
0.002004008016032064
0.002004008016032064
0.002004008016032064
0.002004008016032064
0.002004008016032064
0.002004008016032064
0.002004008016032064
0.002004008016032064
0.002004008016032064
0.002004008016032064
0.002004008016032064
0.002004008016032064
0.002004008016032064
0.002004008016032064
0.002004008016032064
0.002004008016032064
0.002004008016032064
0.002004008016032064
0.002004008016032064
0.002004008016032064
0.002004008016032064
0.002004008016032064
0.002004008016032064
0.002004008016032064
0.002004008016032064
0.002004008016032064
0.002004008016032064
0.002004008016032064
0.002004008016032064
0.002004008016032064
0.002004008016032064
0.002004008016032064
0.002004008016032064
0.002004008016032064
0.002004008016032064
0.002004008016032064
0.002004008016032064
0.002004008016032064
0.002004008016032064
0.002004008016032064
0.002004008016032064
0.002004008016032064
0.002004008016032064
0.002004008016032064
0.002004008016032064
0.002004008016032064
0.002004008016032064
0.002004008016032064
0.002004008016032064
0.002004008016032064
0.002004008016032064
0.002004008016032064
0.002004008016032064
0.002004008016032064
0.002004008016032064
0.002004008016032064
0.002004008016032064
0.002004008016032064
0.002004008016032064
0.002004008016032064
0.002004008016032064
0.002004008016032064
0.002004008016032064
0.002004008016032064
0.002004008016032064
0.002004008016032064
0.002004008016032064
0.002004008016032064
0.002004008016032064
0.002004008016032064
0.002004008016032064
0.002004008016032064
0.002004008016032064
0.002004008016032064
0.002004008016032064
0.002004008016032064
0.002004008016032064
0.002004008016032064
0.002004008016032064
0.002004008016032064
0.002004008016032064
0.002004008016032064
0.002004008016032064
0.002004008016032064
0.002004008016032064
0.002004008016032064
0.002004008016032064
0.002004008016032064
0.002004008016032064
0.002004008016032064
0.002004008016032064
0.002004008016032064
0.002004008016032064
0.002004008016032064
0.002004008016032064
0.002004008016032064
0.002004008016032064
0.002004008016032064
0.002004008016032064
0.002004008016032064
0.002004008016032064
0.002004008016032064
0.002004008016032064
0.002004008016032064
0.002004008016032064
0.002004008016032064
0.002004008016032064
0.002004008016032064
0.002004008016032064
0.002004008016032064
0.002004008016032064
0.002004008016032064
0.002004008016032064
0.002004008016032064
0.002004008016032064
0.002004008016032064
0.006012024048096192
332 0.001
0.006012024048096192
331 0.001
0.006012024048096192
330 0.001
0.006012024048096192
329 0.001
0.006012024048096192
328 0.001
0.006012024048096192
327 0.001
0.006012024048096192
326 0.001
0.006012024048096192
325 0.001
0.006012024048096192
324 0.001
0.006012024048096192
323 0.001
0.006012024048096192
322 0.00714184772818404
0.006012024048096192
321 0.00827409340026007
0.006012024048096192
320 0.008888653745682408
0.006012024048096192
319 0.009346808616699408
0.006012024048096192
318 0.00975888291596353
0.006012024048096192
317 0.010159820226500874
0.006012024048096192
316 0.010556599336476746
0.01002004008016032
315 0.010961797321367059
0.01002004008016032
314 0.011368980083019134
0.01002004008016032
313 0.011780873241559443
0.01002004008016032
312 0.012200897215039724
0.01002004008016032
311 0.012633843154178743
0.01002004008016032
310 0.01307544001700363
0.01002004008016032
309 0.01353000413554141
0.01002004008016032
308 0.014000739736840172
0.01002004008016032
307 0.01448851085028454
0.01002004008016032
306 0.014993614873098821
0.014028056112224449
305 0.0155197759651717
0.014028056112224449
304 0.016068145690697314
0.014028056112224449
303 0.016641585259041813
0.014028056112224449
302 0.017242668113448798
0.014028056112224449
301 0.01787319356949573
0.014028056112224449
300 0.018536117224875834
0.018036072144288578
299 0.019236093807660698
0.018036072144288578
298 0.01997208298055239
0.018036072144288578
297 0.020750953855473264
0.018036072144288578
296 0.021576569422510638
0.018036072144288578
295 0.022452361690703658
0.022044088176352707
294 0.023381642966628074
0.022044088176352707
293 0.024372218653310372
0.022044088176352707
292 0.0254273003856321
0.022044088176352707
291 0.0265529332581354
0.026052104208416832
290 0.027756911921296097
0.026052104208416832
289 0.02904358037000496
0.026052104208416832
288 0.030424556598934723
0.03006012024048096
287 0.03190562042766948
0.03006012024048096
286 0.033498494107709886
0.03406813627254509
285 0.03521235176265319
0.03406813627254509
284 0.03706471532910668
0.03807615230460922
283 0.03906122199680795
0.03807615230460922
282 0.04122229296009566
0.04208416833667335
281 0.04356566203948786
0.04609218436873747
280 0.04611189633123588
0.04609218436873747
279 0.048878415357000334
0.050100200400801605
278 0.05189395972971032
0.05410821643286573
277 0.05518906419597536
0.05811623246492986
276 0.05879178432466368
0.06212424849699399
275 0.06273904388380472
0.06613226452905811
274 0.0670740974854661
0.07014028056112225
273 0.07184159849054916
0.0781563126252505
272 0.0770969398349894
0.08216432865731463
271 0.08290013001652038
0.09018036072144289
270 0.08931503849660472
0.09819639278557114
269 0.09641707414493114
0.1062124248496994
268 0.1042948384219943
0.11422845691382766
267 0.1130378730061044
0.12625250501002003
266 0.12275018093409493
0.13827655310621242
265 0.1335381733812424
0.15030060120240482
264 0.1455237783968924
0.16633266533066132
263 0.158826700014902
0.17835671342685372
262 0.1735744315030526
0.19839679358717435
261 0.18988646585809418
0.218436873747495
260 0.2078769947391962
0.23847695390781562
259 0.22764836987010667
0.25851703406813625
258 0.24927173761303892
0.2865731462925852
257 0.272790013495799
0.3106212424849699
256 0.29820331599271915
0.33867735470941884
255 0.3254596123457042
0.37074148296593185
254 0.35444653574514423
0.4028056112224449
253 0.38498728041431374
0.4348697394789579
252 0.4168370785365322
0.46693386773547096
251 0.4496838499081905
0.501002004008016
250 0.48315674764859173
0.533066132264529
249 0.5168430650816873
0.5691382765531062
248 0.550318137346751
0.6012024048096193
247 0.583189613384222
0.6332665330661322
246 0.615156227249058
0.6613226452905812
245 0.6460827159107567
0.6933867735470942
244 0.6760731862419271
0.7214428857715431
243 0.705536095595186
0.7535070140280561
242 0.7352693986008692
0.7855711422845691
241 0.7666052837863093
0.8256513026052105
240 0.8018002274888073
0.87374749498998
239 0.845294929931637
0.9559118236472945
238 0.9075575621637113
1.002004008016032
237 0.9999940391390134
1.002004008016032
236 0.9999940391390134
1.002004008016032
235 0.9999940391390134
1.002004008016032
234 0.9999940391390134
1.002004008016032
233 0.9999940391390134
1.002004008016032
232 0.9999940391390134
1.002004008016032
231 0.9999940391390134
1.002004008016032
230 0.9999940391390134
1.002004008016032
229 0.9999940391390134
1.002004008016032
228 0.9999940391390134
1.002004008016032
227 0.9999940391390134
1.002004008016032
226 0.9999940391390134
1.002004008016032
225 0.9999940391390134
1.002004008016032
224 0.9999940391390134
1.002004008016032
223 0.9999940391390134
1.002004008016032
222 0.9999940391390134
1.002004008016032
221 0.9999940391390134
1.002004008016032
220 0.9999940391390134
1.002004008016032
219 0.9999940391390134
1.002004008016032
218 0.9999940391390134
1.002004008016032
217 0.9999940391390134
1.002004008016032
216 0.9999940391390134
1.002004008016032
215 0.9999940391390134
1.002004008016032
214 0.9999940391390134
1.002004008016032
213 0.9999940391390134
1.002004008016032
212 0.9999940391390134
1.002004008016032
211 0.9999940391390134
1.002004008016032
210 0.9999940391390134
1.002004008016032
209 0.9999940391390134
1.002004008016032
208 0.9999940391390134
1.002004008016032
207 0.9999940391390134
1.002004008016032
206 0.9999940391390134
1.002004008016032
205 0.9999940391390134
1.002004008016032
204 0.9999940391390134
1.002004008016032
203 0.9999940391390134
1.002004008016032
202 0.9999940391390134
1.002004008016032
201 0.9999940391390134
1.002004008016032
200 0.9999940391390134
1.002004008016032
199 0.9999940391390134
1.002004008016032
198 0.9999940391390134
1.002004008016032
197 0.9999940391390134
1.002004008016032
196 0.9999940391390134
1.002004008016032
195 0.9999940391390134
1.002004008016032
194 0.9999940391390134
1.002004008016032
193 0.9999940391390134
1.002004008016032
192 0.9999940391390134
1.002004008016032
191 0.9999940391390134
1.002004008016032
190 0.9999940391390134
1.002004008016032
189 0.9999940391390134
1.002004008016032
188 0.9999940391390134
1.002004008016032
187 0.9999940391390134
1.002004008016032
186 0.9999940391390134
1.002004008016032
185 0.9999940391390134
1.002004008016032
184 0.9999940391390134
1.002004008016032
183 0.9999940391390134
1.002004008016032
182 0.9999940391390134
1.002004008016032
181 0.9999940391390134
1.002004008016032
180 0.9999940391390134
1.002004008016032
179 0.9999940391390134
1.002004008016032
178 0.9999940391390134
1.002004008016032
177 0.9999940391390134
1.002004008016032
176 0.9999940391390134
1.002004008016032
175 0.9999940391390134
1.002004008016032
174 0.9999940391390134
1.002004008016032
173 0.9999940391390134
1.002004008016032
172 0.9999940391390134
1.002004008016032
171 0.9999940391390134
1.002004008016032
170 0.9999940391390134
1.002004008016032
169 0.9999940391390134
1.002004008016032
168 0.9999940391390134
1.002004008016032
167 0.9999940391390134
1.002004008016032
166 0.9999940391390134
1.002004008016032
165 0.9999940391390134
1.002004008016032
164 0.9999940391390134
1.002004008016032
163 0.9999940391390134
1.002004008016032
162 0.9999940391390134
1.002004008016032
161 0.9999940391390134
1.002004008016032
160 0.9999940391390134
1.002004008016032
159 0.9999940391390134
1.002004008016032
158 0.9999940391390134
1.002004008016032
157 0.9999940391390134
1.002004008016032
156 0.9999940391390134
1.002004008016032
155 0.9999940391390134
1.002004008016032
154 0.9999940391390134
1.002004008016032
153 0.9999940391390134
1.002004008016032
152 0.9999940391390134
1.002004008016032
151 0.9999940391390134
1.002004008016032
150 0.9999940391390134
1.002004008016032
149 0.9999940391390134
1.002004008016032
148 0.9999940391390134
1.002004008016032
147 0.9999940391390134
1.002004008016032
146 0.9999940391390134
1.002004008016032
145 0.9999940391390134
1.002004008016032
144 0.9999940391390134
1.002004008016032
143 0.9999940391390134
1.002004008016032
142 0.9999940391390134
1.002004008016032
141 0.9999940391390134
1.002004008016032
140 0.9999940391390134
1.002004008016032
139 0.9999940391390134
1.002004008016032
138 0.9999940391390134
1.002004008016032
137 0.9999940391390134
1.002004008016032
136 0.9999940391390134
1.002004008016032
135 0.9999940391390134
1.002004008016032
134 0.9999940391390134
1.002004008016032
133 0.9999940391390134
1.002004008016032
132 0.9999940391390134
1.002004008016032
131 0.9999940391390134
1.002004008016032
130 0.9999940391390134
1.002004008016032
129 0.9999940391390134
1.002004008016032
128 0.9999940391390134
1.002004008016032
127 0.9999940391390134
1.002004008016032
126 0.9999940391390134
1.002004008016032
125 0.9999940391390134
1.002004008016032
124 0.9999940391390134
1.002004008016032
123 0.9999940391390134
1.002004008016032
122 0.9999940391390134
1.002004008016032
121 0.9999940391390134
1.002004008016032
120 0.9999940391390134
1.002004008016032
119 0.9999940391390134
1.002004008016032
118 0.9999940391390134
1.002004008016032
117 0.9999940391390134
1.002004008016032
116 0.9999940391390134
1.002004008016032
115 0.9999940391390134
1.002004008016032
114 0.9999940391390134
1.002004008016032
113 0.9999940391390134
1.002004008016032
112 0.9999940391390134
1.002004008016032
111 0.9999940391390134
1.002004008016032
110 0.9999940391390134
1.002004008016032
109 0.9999940391390134
1.002004008016032
108 0.9999940391390134
1.002004008016032
107 0.9999940391390134
1.002004008016032
106 0.9999940391390134
1.002004008016032
105 0.9999940391390134
1.002004008016032
104 0.9999940391390134
1.002004008016032
103 0.9999940391390134
1.002004008016032
102 0.9999940391390134
1.002004008016032
101 0.9999940391390134
1.002004008016032
100 0.9999940391390134
1.002004008016032
99 0.9999940391390134
1.002004008016032
98 0.9999940391390134
1.002004008016032
97 0.9999940391390134
1.002004008016032
96 0.9999940391390134
1.002004008016032
95 0.9999940391390134
1.002004008016032
94 0.9999940391390134
1.002004008016032
93 0.9999940391390134
1.002004008016032
92 0.9999940391390134
1.002004008016032
91 0.9999940391390134
1.002004008016032
90 0.9999940391390134
1.002004008016032
89 0.9999940391390134
1.002004008016032
88 0.9999940391390134
1.002004008016032
87 0.9999940391390134
1.002004008016032
86 0.9999940391390134
1.002004008016032
85 0.9999940391390134
1.002004008016032
84 0.9999940391390134
1.002004008016032
83 0.9999940391390134
1.002004008016032
82 0.9999940391390134
1.002004008016032
81 0.9999940391390134
1.002004008016032
80 0.9999940391390134
1.002004008016032
79 0.9999940391390134
1.002004008016032
78 0.9999940391390134
1.002004008016032
77 0.9999940391390134
1.002004008016032
76 0.9999940391390134
1.002004008016032
75 0.9999940391390134
1.002004008016032
74 0.9999940391390134
1.002004008016032
73 0.9999940391390134
1.002004008016032
72 0.9999940391390134
1.002004008016032
71 0.9999940391390134
1.002004008016032
70 0.9999940391390134
1.002004008016032
69 0.9999940391390134
1.002004008016032
68 0.9999940391390134
1.002004008016032
67 0.9999940391390134
1.002004008016032
66 0.9999940391390134
1.002004008016032
65 0.9999940391390134
1.002004008016032
64 0.9999940391390134
1.002004008016032
63 0.9999940391390134
1.002004008016032
62 0.9999940391390134
1.002004008016032
61 0.9999940391390134
1.002004008016032
60 0.9999940391390134
1.002004008016032
59 0.9999940391390134
1.002004008016032
58 0.9999940391390134
1.002004008016032
57 0.9999940391390134
1.002004008016032
56 0.9999940391390134
1.002004008016032
55 0.9999940391390134
1.002004008016032
54 0.9999940391390134
1.002004008016032
53 0.9999940391390134
1.002004008016032
52 0.9999940391390134
1.002004008016032
51 0.9999940391390134
1.002004008016032
50 0.9999940391390134
1.002004008016032
49 0.9999940391390134
1.002004008016032
48 0.9999940391390134
1.002004008016032
47 0.9999940391390134
1.002004008016032
46 0.9999940391390134
1.002004008016032
45 0.9999940391390134
1.002004008016032
44 0.9999940391390134
1.002004008016032
43 0.9999940391390134
1.002004008016032
42 0.9999940391390134
1.002004008016032
41 0.9999940391390134
1.002004008016032
40 0.9999940391390134
1.002004008016032
39 0.9999940391390134
1.002004008016032
38 0.9999940391390134
1.002004008016032
37 0.9999940391390134
1.002004008016032
36 0.9999940391390134
1.002004008016032
35 0.9999940391390134
1.002004008016032
34 0.9999940391390134
1.002004008016032
33 0.9999940391390134
1.002004008016032
32 0.9999940391390134
1.002004008016032
31 0.9999940391390134
1.002004008016032
30 0.9999940391390134
1.002004008016032
29 0.9999940391390134
1.002004008016032
28 0.9999940391390134
1.002004008016032
27 0.9999940391390134
1.002004008016032
26 0.9999940391390134
1.002004008016032
25 0.9999940391390134
1.002004008016032
24 0.9999940391390134
1.002004008016032
23 0.9999940391390134
1.002004008016032
22 0.9999940391390134
1.002004008016032
21 0.9999940391390134
1.002004008016032
20 0.9999940391390134
1.002004008016032
19 0.9999940391390134
1.002004008016032
18 0.9999940391390134
1.002004008016032
17 0.9999940391390134
1.002004008016032
16 0.9999940391390134
1.002004008016032
15 0.9999940391390134
1.002004008016032
14 0.9999940391390134
1.002004008016032
13 0.9999940391390134
1.002004008016032
12 0.9999940391390134
1.002004008016032
11 0.9999940391390134
1.002004008016032
10 0.9999940391390134
1.002004008016032
9 0.9999940391390134
1.002004008016032
8 0.9999940391390134
1.002004008016032
7 0.9999940391390134
1.002004008016032
6 0.9999940391390134
1.002004008016032
5 0.9999940391390134
1.002004008016032
4 0.9999940391390134
1.002004008016032
3 0.9999940391390134
1.002004008016032
2 0.9999940391390134
1.002004008016032
1 0.9999940391390134

222 0.9999940391390134
1.002004008016032
221 0.9999940391390134
1.002004008016032
220 0.9999940391390134
1.002004008016032
219 0.9999940391390134
1.002004008016032
218 0.9999940391390134
1.002004008016032
217 0.9999940391390134
1.002004008016032
216 0.9999940391390134
1.002004008016032
215 0.9999940391390134
1.002004008016032
214 0.9999940391390134
1.002004008016032
213 0.9999940391390134
1.002004008016032
212 0.9999940391390134
1.002004008016032
211 0.9999940391390134
1.002004008016032
210 0.9999940391390134
1.002004008016032
209 0.9999940391390134
1.002004008016032
208 0.9999940391390134
1.002004008016032
207 0.9999940391390134
1.002004008016032
206 0.9999940391390134
1.002004008016032
205 0.9999940391390134
1.002004008016032
204 0.9999940391390134
1.002004008016032
203 0.9999940391390134
1.002004008016032
202 0.9999940391390134
1.002004008016032
201 0.9999940391390134
1.002004008016032
200 0.9999940391390134
1.002004008016032
199 0.9999940391390134
1.002004008016032
198 0.9999940391390134
1.002004008016032
197 0.9999940391390134
1.002004008016032
196 0.9999940391390134
1.002004008016032
195 0.9999940391390134
1.002004008016032
194 0.9999940391390134
1.002004008016032
193 0.9999940391390134
1.002004008016032
192 0.9999940391390134
1.002004008016032
191 0.9999940391390134
1.002004008016032
190 0.9999940391390134
1.002004008016032
189 0.9999940391390134
1.002004008016032
188 0.9999940391390134
1.002004008016032
187 0.9999940391390134
1.002004008016032
186 0.9999940391390134
1.002004008016032
185 0.9999940391390134
1.002004008016032
184 0.9999940391390134
1.002004008016032
183 0.9999940391390134
1.002004008016032
182 0.9999940391390134
1.002004008016032
181 0.9999940391390134
1.002004008016032
180 0.9999940391390134
1.002004008016032
179 0.9999940391390134
1.002004008016032
178 0.9999940391390134
1.002004008016032
177 0.9999940391390134
1.002004008016032
176 0.9999940391390134
1.002004008016032
175 0.9999940391390134
1.002004008016032
174 0.9999940391390134
1.002004008016032
173 0.9999940391390134
1.002004008016032
172 0.9999940391390134
1.002004008016032
171 0.9999940391390134
1.002004008016032
170 0.9999940391390134
1.002004008016032
169 0.9999940391390134
1.002004008016032
168 0.9999940391390134
1.002004008016032
167 0.9999940391390134
1.002004008016032
166 0.9999940391390134
1.002004008016032
165 0.9999940391390134
1.002004008016032
164 0.9999940391390134
1.002004008016032
163 0.9999940391390134
1.002004008016032
162 0.9999940391390134
1.002004008016032
161 0.9999940391390134
1.002004008016032
160 0.9999940391390134
1.002004008016032
159 0.9999940391390134
1.002004008016032
158 0.9999940391390134
1.002004008016032
157 0.9999940391390134
1.002004008016032
156 0.9999940391390134
1.002004008016032
155 0.9999940391390134
1.002004008016032
154 0.9999940391390134
1.002004008016032
153 0.9999940391390134
1.002004008016032
152 0.9999940391390134
1.002004008016032
151 0.9999940391390134
1.002004008016032
150 0.9999940391390134
1.002004008016032
149 0.9999940391390134
1.002004008016032
148 0.9999940391390134
1.002004008016032
147 0.9999940391390134
1.002004008016032
146 0.9999940391390134
1.002004008016032
145 0.9999940391390134
1.002004008016032
144 0.9999940391390134
1.002004008016032
143 0.9999940391390134
1.002004008016032
142 0.9999940391390134
1.002004008016032
141 0.9999940391390134
1.002004008016032
140 0.9999940391390134
1.002004008016032
139 0.9999940391390134
1.002004008016032
138 0.9999940391390134
1.002004008016032
137 0.9999940391390134
1.002004008016032
136 0.9999940391390134
1.002004008016032
135 0.9999940391390134
1.002004008016032
134 0.9999940391390134
1.002004008016032
133 0.9999940391390134
1.002004008016032
132 0.9999940391390134
1.002004008016032
131 0.9999940391390134
1.002004008016032
130 0.9999940391390134
1.002004008016032
129 0.9999940391390134
1.002004008016032
128 0.9999940391390134
1.002004008016032
127 0.9999940391390134
1.002004008016032
126 0.9999940391390134
1.002004008016032
125 0.9999940391390134
1.002004008016032
124 0.9999940391390134
1.002004008016032
123 0.9999940391390134
1.002004008016032
122 0.9999940391390134
1.002004008016032
121 0.9999940391390134
1.002004008016032
120 0.9999940391390134
1.002004008016032
119 0.9999940391390134
1.002004008016032
118 0.9999940391390134
1.002004008016032
117 0.9999940391390134
1.002004008016032
116 0.9999940391390134
1.002004008016032
115 0.9999940391390134
1.002004008016032
114 0.9999940391390134
1.002004008016032
113 0.9999940391390134
1.002004008016032
112 0.9999940391390134
1.002004008016032
111 0.9999940391390134
1.002004008016032
110 0.9999940391390134
1.002004008016032
109 0.9999940391390134
1.002004008016032
108 0.9999940391390134
1.002004008016032
107 0.9999940391390134
1.002004008016032
106 0.9999940391390134
1.002004008016032
105 0.9999940391390134
1.002004008016032
104 0.9999940391390134
1.002004008016032
103 0.9999940391390134
1.002004008016032
102 0.9999940391390134
1.002004008016032
101 0.9999940391390134
1.002004008016032
100 0.9999940391390134
1.002004008016032
99 0.9999940391390134
1.002004008016032
98 0.9999940391390134
1.002004008016032
97 0.9999940391390134
1.002004008016032
96 0.9999940391390134
1.002004008016032
95 0.9999940391390134
1.002004008016032
94 0.9999940391390134
1.002004008016032
93 0.9999940391390134
1.002004008016032
92 0.9999940391390134
1.002004008016032
91 0.9999940391390134
1.002004008016032
90 0.9999940391390134
1.002004008016032
89 0.9999940391390134
1.002004008016032
88 0.9999940391390134
1.002004008016032
87 0.9999940391390134
1.002004008016032
86 0.9999940391390134
1.002004008016032
85 0.9999940391390134
1.002004008016032
84 0.9999940391390134
1.002004008016032
83 0.9999940391390134
1.002004008016032
82 0.9999940391390134
1.002004008016032
81 0.9999940391390134
1.002004008016032
80 0.9999940391390134
1.002004008016032
79 0.9999940391390134
1.002004008016032
78 0.9999940391390134
1.002004008016032
77 0.9999940391390134
1.002004008016032
76 0.9999940391390134
1.002004008016032
75 0.9999940391390134
1.002004008016032
74 0.9999940391390134
1.002004008016032
73 0.9999940391390134
1.002004008016032
72 0.9999940391390134
1.002004008016032
71 0.9999940391390134
1.002004008016032
70 0.9999940391390134
1.002004008016032
69 0.9999940391390134
1.002004008016032
68 0.9999940391390134
1.002004008016032
67 0.9999940391390134
1.002004008016032
66 0.9999940391390134
1.002004008016032
65 0.9999940391390134
1.002004008016032
64 0.9999940391390134
1.002004008016032
63 0.9999940391390134
1.002004008016032
62 0.9999940391390134
1.002004008016032
61 0.9999940391390134
1.002004008016032
60 0.9999940391390134
1.002004008016032
59 0.9999940391390134
1.002004008016032
58 0.9999940391390134
1.002004008016032
57 0.9999940391390134
1.002004008016032
56 0.9999940391390134
1.002004008016032
55 0.9999940391390134
1.002004008016032
54 0.9999940391390134
1.002004008016032
53 0.9999940391390134
1.002004008016032
52 0.9999940391390134
1.002004008016032
51 0.9999940391390134
1.002004008016032
50 0.9999940391390134
1.002004008016032
49 0.9999940391390134
1.002004008016032
48 0.9999940391390134
1.002004008016032
47 0.9999940391390134
1.002004008016032
46 0.9999940391390134
1.002004008016032
45 0.9999940391390134
1.002004008016032
44 0.9999940391390134
1.002004008016032
43 0.9999940391390134
1.002004008016032
42 0.9999940391390134
1.002004008016032
41 0.9999940391390134
1.002004008016032
40 0.9999940391390134
1.002004008016032
39 0.9999940391390134
1.002004008016032
38 0.9999940391390134
1.002004008016032
37 0.9999940391390134
1.002004008016032
36 0.9999940391390134
1.002004008016032
35 0.9999940391390134
1.002004008016032
34 0.9999940391390134
1.002004008016032
33 0.9999940391390134
1.002004008016032
32 0.9999940391390134
1.002004008016032
31 0.9999940391390134
1.002004008016032
30 0.9999940391390134
1.002004008016032
29 0.9999940391390134
1.002004008016032
28 0.9999940391390134
1.002004008016032
27 0.9999940391390134
1.002004008016032
26 0.9999940391390134
1.002004008016032
25 0.9999940391390134
1.002004008016032
24 0.9999940391390134
1.002004008016032
23 0.9999940391390134
1.002004008016032
22 0.9999940391390134
1.002004008016032
21 0.9999940391390134
1.002004008016032
20 0.9999940391390134
1.002004008016032
19 0.9999940391390134
1.002004008016032
18 0.9999940391390134
1.002004008016032
17 0.9999940391390134
1.002004008016032
16 0.9999940391390134
1.002004008016032
15 0.9999940391390134
1.002004008016032
14 0.9999940391390134
1.002004008016032
13 0.9999940391390134
1.002004008016032
12 0.9999940391390134
1.002004008016032
11 0.9999940391390134
1.002004008016032
10 0.9999940391390134
1.002004008016032
9 0.9999940391390134
1.002004008016032
8 0.9999940391390134
1.002004008016032
7 0.9999940391390134
1.002004008016032
6 0.9999940391390134
1.002004008016032
5 0.9999940391390134
1.002004008016032
4 0.9999940391390134
1.002004008016032
3 0.9999940391390134
1.002004008016032
2 0.9999940391390134
1.002004008016032
1 0.9999940391390134
