done computing the tablog
[2000, 2500, 3000, 3500, 4000, 4500, 5000, 5500, 6000, 6500, 7000, 7500, 8000, 8500, 9000, 9500, 10000]
j'ai demarre avec 2500
Finished for RLS with n = 2500
Finished for EA with n = 2500
done with the2500problem !
j'ai demarre avec 3000
Finished for RLS with n = 3000
Finished for EA with n = 3000
done with the3000problem !
j'ai demarre avec 3500
Finished for RLS with n = 3500
Finished for EA with n = 3500
done with the3500problem !
j'ai demarre avec 4000
Finished for RLS with n = 4000
Finished for EA with n = 4000
done with the4000problem !
j'ai demarre avec 4500
Finished for RLS with n = 4500
Finished for EA with n = 4500
done with the4500problem !
j'ai demarre avec 5000
Finished for RLS with n = 5000
Finished for EA with n = 5000
done with the5000problem !
j'ai demarre avec 5500
Finished for RLS with n = 5500
Finished for EA with n = 5500
done with the5500problem !
j'ai demarre avec 6000
Finished for RLS with n = 6000
Finished for EA with n = 6000
done with the6000problem !
